Upgrader:
  Directory with IDv1 found: 
  /Users/Amicus/Dropbox (Wikitongues)/Teamwide/1_Oral_Histories/Aaku_s1_F_20160717_new
    Name:Aaku
    Meta:20160717_new

v1: Aaku_s1_F_20160717_new
v2: Aaku_20160717_new

Upgrader:
  Directory with IDv1 found: 
  /Users/Amicus/Dropbox (Wikitongues)/Teamwide/1_Oral_Histories/Abdurrahim_s5_M_20160611_eng+kaz+deu+ces+rus
    Name:Abdurrahim
    Meta:20160611_eng+kaz+deu+ces+rus

v1: Abdurrahim_s5_M_20160611_eng+kaz+deu+ces+rus
v2: Abdurrahim_20160611_eng+kaz+deu+ces+rus

Upgrader:
  Directory with IDv1 found: 
  /Users/Amicus/Dropbox (Wikitongues)/Teamwide/1_Oral_Histories/Abhi_s3_M_20140316_tel+eng+spa
    Name:Abhi
    Meta:20140316_tel+eng+spa

v1: Abhi_s3_M_20140316_tel+eng+spa
v2: Abhi_20140316_tel+eng+spa

Upgrader:
  Directory with IDv1 found: 
  /Users/Amicus/Dropbox (Wikitongues)/Teamwide/1_Oral_Histories/Aboubacar_s2_M_20160818_dje+eng
    Name:Aboubacar
    Meta:20160818_dje+eng

v1: Aboubacar_s2_M_20160818_dje+eng
v2: Aboubacar_20160818_dje+eng

Upgrader:
  Directory with IDv1 found: 
  /Users/Amicus/Dropbox (Wikitongues)/Teamwide/1_Oral_Histories/Adem_s1_M_20151205_pnt
    Name:Adem
    Meta:20151205_pnt

v1: Adem_s1_M_20151205_pnt
v2: Adem_20151205_pnt

Upgrader:
  Directory with IDv1 found: 
  /Users/Amicus/Dropbox (Wikitongues)/Teamwide/1_Oral_Histories/Adrien_s2_M_20160902_cbk+spa
    Name:Adrien
    Meta:20160902_cbk+spa

v1: Adrien_s2_M_20160902_cbk+spa
v2: Adrien_20160902_cbk+spa

Upgrader:
  Directory with IDv1 found: 
  /Users/Amicus/Dropbox (Wikitongues)/Teamwide/1_Oral_Histories/Ajriz_s1_M_20150103_-gor
    Name:Ajriz
    Meta:20150103_-gor

v1: Ajriz_s1_M_20150103_-gor
v2: Ajriz_20150103_-gor

Upgrader:
  Directory with IDv1 found: 
  /Users/Amicus/Dropbox (Wikitongues)/Teamwide/1_Oral_Histories/Alan_s1_M_20150625_gla
    Name:Alan
    Meta:20150625_gla

v1: Alan_s1_M_20150625_gla
v2: Alan_20150625_gla

Upgrader:
  Directory with IDv1 found: 
  
    Name:Albert
    Meta:20190702_ron

v1: 
v2: Albert_20190702_ron

Upgrader:
  Directory with IDv1 found: 
  /Users/Amicus/Dropbox (Wikitongues)/Teamwide/1_Oral_Histories/Aldade_s2_M_20140819_por+chw
    Name:Aldade
    Meta:20140819_por+chw

v1: Aldade_s2_M_20140819_por+chw
v2: Aldade_20140819_por+chw

Upgrader:
  Directory with IDv1 found: 
  /Users/Amicus/Dropbox (Wikitongues)/Teamwide/1_Oral_Histories/Alexander_s1_M_20160711_bre
    Name:Alexander
    Meta:20160711_bre

v1: Alexander_s1_M_20160711_bre
v2: Alexander_20160711_bre

Upgrader:
  Directory with IDv1 found: 
  /Users/Amicus/Dropbox (Wikitongues)/Teamwide/1_Oral_Histories/Alexandra_s1_F_20150326_dan
    Name:Alexandra
    Meta:20150326_dan

v1: Alexandra_s1_F_20150326_dan
v2: Alexandra_20150326_dan

Upgrader:
  Directory with IDv1 found: 
  /Users/Amicus/Dropbox (Wikitongues)/Teamwide/1_Oral_Histories/Alexis_s1_F_20130706_eng
    Name:Alexis
    Meta:20130706_eng

v1: Alexis_s1_F_20130706_eng
v2: Alexis_20130706_eng

Upgrader:
  Directory with IDv1 found: 
  /Users/Amicus/Dropbox (Wikitongues)/Teamwide/1_Oral_Histories/Amu_s1_M_20140729_tso
    Name:Amu
    Meta:20140729_tso

v1: Amu_s1_M_20140729_tso
v2: Amu_20140729_tso

Upgrader:
  Directory with IDv1 found: 
  /Users/Amicus/Dropbox (Wikitongues)/Teamwide/1_Oral_Histories/Andi_s1_M_20160405_bbc
    Name:Andi
    Meta:20160405_bbc

v1: Andi_s1_M_20160405_bbc
v2: Andi_20160405_bbc

Upgrader:
  Directory with IDv1 found: 
  /Users/Amicus/Dropbox (Wikitongues)/Teamwide/1_Oral_Histories/Andrea_s1_M_20151117_lld
    Name:Andrea
    Meta:20151117_lld

v1: Andrea_s1_M_20151117_lld
v2: Andrea_20151117_lld

Upgrader:
  Directory with IDv1 found: 
  
    Name:André
    Meta:20140408_por

v1: 
v2: André_20140408_por

Upgrader:
  Directory with IDv1 found: 
  /Users/Amicus/Dropbox (Wikitongues)/Teamwide/1_Oral_Histories/Aneli_s5_F_20170425_eng+hrv+fra+spa+por
    Name:Aneli
    Meta:20170425_eng+hrv+fra+spa+por

v1: Aneli_s5_F_20170425_eng+hrv+fra+spa+por
v2: Aneli_20170425_eng+hrv+fra+spa+por

Upgrader:
  Directory with IDv1 found: 
  /Users/Amicus/Dropbox (Wikitongues)/Teamwide/1_Oral_Histories/Angel_s1_M_20140729_rup
    Name:Angel
    Meta:20140729_rup

v1: Angel_s1_M_20140729_rup
v2: Angel_20140729_rup

Upgrader:
  Directory with IDv1 found: 
  /Users/Amicus/Dropbox (Wikitongues)/Teamwide/1_Oral_Histories/Angelo_s1_M_20130311_por
    Name:Angelo
    Meta:20130311_por

v1: Angelo_s1_M_20130311_por
v2: Angelo_20130311_por

Upgrader:
  Directory with IDv1 found: 
  /Users/Amicus/Dropbox (Wikitongues)/Teamwide/1_Oral_Histories/Ani_s1_F_20130803_hye
    Name:Ani
    Meta:20130803_hye

v1: Ani_s1_F_20130803_hye
v2: Ani_20130803_hye

Upgrader:
  Directory with IDv1 found: 
  /Users/Amicus/Dropbox (Wikitongues)/Teamwide/1_Oral_Histories/Anita_s1_F_20130329_cat
    Name:Anita
    Meta:20130329_cat

v1: Anita_s1_F_20130329_cat
v2: Anita_20130329_cat

Upgrader:
  Directory with IDv1 found: 
  /Users/Amicus/Dropbox (Wikitongues)/Teamwide/1_Oral_Histories/Anne_s1_F_20160118_swg
    Name:Anne
    Meta:20160118_swg

v1: Anne_s1_F_20160118_swg
v2: Anne_20160118_swg

Upgrader:
  Directory with IDv1 found: 
  
    Name:Anonymous
    Meta:20141215_sva

v1: 
v2: Anonymous_20141215_sva

Upgrader:
  Directory with IDv1 found: 
  
    Name:Anonymous
    Meta:20141215_tkr

v1: 
v2: Anonymous_20141215_tkr

Upgrader:
  Directory with IDv1 found: 
  
    Name:Anonymous
    Meta:20150924_jdt

v1: 
v2: Anonymous_20150924_jdt

Upgrader:
  Directory with IDv1 found: 
  
    Name:Anonymous
    Meta:20151114_ttt

v1: 
v2: Anonymous_20151114_ttt

Upgrader:
  Directory with IDv1 found: 
  /Users/Amicus/Dropbox (Wikitongues)/Teamwide/1_Oral_Histories/Anthony_s1_M_20140417_gsw
    Name:Anthony
    Meta:20140417_gsw

v1: Anthony_s1_M_20140417_gsw
v2: Anthony_20140417_gsw

Upgrader:
  Directory with IDv1 found: 
  /Users/Amicus/Dropbox (Wikitongues)/Teamwide/1_Oral_Histories/Ares_s1_F_20131201_oci
    Name:Ares
    Meta:20131201_oci

v1: Ares_s1_F_20131201_oci
v2: Ares_20131201_oci

Upgrader:
  Directory with IDv1 found: 
  /Users/Amicus/Dropbox (Wikitongues)/Teamwide/1_Oral_Histories/Argo_s1_M_20150418_ind
    Name:Argo
    Meta:20150418_ind

v1: Argo_s1_M_20150418_ind
v2: Argo_20150418_ind

Upgrader:
  Directory with IDv1 found: 
  /Users/Amicus/Dropbox (Wikitongues)/Teamwide/1_Oral_Histories/Arlon_s1_M_20170127_vec
    Name:Arlon
    Meta:20170127_vec

v1: Arlon_s1_M_20170127_vec
v2: Arlon_20170127_vec

Upgrader:
  Directory with IDv1 found: 
  
    Name:Arnór
    Meta:20140101_isl

v1: 
v2: Arnór_20140101_isl

Upgrader:
  Directory with IDv1 found: 
  /Users/Amicus/Dropbox (Wikitongues)/Teamwide/1_Oral_Histories/Ashwath_s1_M_20140722_knn
    Name:Ashwath
    Meta:20140722_knn

v1: Ashwath_s1_M_20140722_knn
v2: Ashwath_20140722_knn

Upgrader:
  Directory with IDv1 found: 
  /Users/Amicus/Dropbox (Wikitongues)/Teamwide/1_Oral_Histories/Augusto_s1_M_20140729_por
    Name:Augusto
    Meta:20140729_por

v1: Augusto_s1_M_20140729_por
v2: Augusto_20140729_por

Upgrader:
  Directory with IDv1 found: 
  /Users/Amicus/Dropbox (Wikitongues)/Teamwide/1_Oral_Histories/Ayesha_s1_F_20140814_ben
    Name:Ayesha
    Meta:20140814_ben

v1: Ayesha_s1_F_20140814_ben
v2: Ayesha_20140814_ben

Upgrader:
  Directory with IDv1 found: 
  /Users/Amicus/Dropbox (Wikitongues)/Teamwide/1_Oral_Histories/Bart_s1_M_20140729_nld
    Name:Bart
    Meta:20140729_nld

v1: Bart_s1_M_20140729_nld
v2: Bart_20140729_nld

Upgrader:
  Directory with IDv1 found: 
  /Users/Amicus/Dropbox (Wikitongues)/Teamwide/1_Oral_Histories/Benjamin_s1_M_20150517_bos
    Name:Benjamin
    Meta:20150517_bos

v1: Benjamin_s1_M_20150517_bos
v2: Benjamin_20150517_bos

Upgrader:
  Directory with IDv1 found: 
  /Users/Amicus/Dropbox (Wikitongues)/Teamwide/1_Oral_Histories/Bertha_s1_F_20151215_afs
    Name:Bertha
    Meta:20151215_afs

v1: Bertha_s1_F_20151215_afs
v2: Bertha_20151215_afs

Upgrader:
  Directory with IDv1 found: 
  /Users/Amicus/Dropbox (Wikitongues)/Teamwide/1_Oral_Histories/Bety_s1_F_20160525_toj
    Name:Bety
    Meta:20160525_toj

v1: Bety_s1_F_20160525_toj
v2: Bety_20160525_toj

Upgrader:
  Directory with IDv1 found: 
  /Users/Amicus/Dropbox (Wikitongues)/Teamwide/1_Oral_Histories/Caitlin_s1_F_20131103_eng
    Name:Caitlin
    Meta:20131103_eng

v1: Caitlin_s1_F_20131103_eng
v2: Caitlin_20131103_eng

Upgrader:
  Directory with IDv1 found: 
  /Users/Amicus/Dropbox (Wikitongues)/Teamwide/1_Oral_Histories/Cal_s3_M_20160406_por+eng+fra
    Name:Cal
    Meta:20160406_por+eng+fra

v1: Cal_s3_M_20160406_por+eng+fra
v2: Cal_20160406_por+eng+fra

Upgrader:
  Directory with IDv1 found: 
  /Users/Amicus/Dropbox (Wikitongues)/Teamwide/1_Oral_Histories/Camila_s2_F_20160822_eng+por
    Name:Camila
    Meta:20160822_eng+por

v1: Camila_s2_F_20160822_eng+por
v2: Camila_20160822_eng+por

Upgrader:
  Directory with IDv1 found: 
  /Users/Amicus/Dropbox (Wikitongues)/Teamwide/1_Oral_Histories/Camille_s1_F_20150815_fra
    Name:Camille
    Meta:20150815_fra

v1: Camille_s1_F_20150815_fra
v2: Camille_20150815_fra

Upgrader:
  Directory with IDv1 found: 
  /Users/Amicus/Dropbox (Wikitongues)/Teamwide/1_Oral_Histories/Carl_s1_M_20151231_eng
    Name:Carl
    Meta:20151231_eng

v1: Carl_s1_M_20151231_eng
v2: Carl_20151231_eng

Upgrader:
  Directory with IDv1 found: 
  /Users/Amicus/Dropbox (Wikitongues)/Teamwide/1_Oral_Histories/Carrie_s1_F_20160717_yue
    Name:Carrie
    Meta:20160717_yue

v1: Carrie_s1_F_20160717_yue
v2: Carrie_20160717_yue

Upgrader:
  Directory with IDv1 found: 
  /Users/Amicus/Dropbox (Wikitongues)/Teamwide/1_Oral_Histories/Casteline_s1_F_20170213_hat
    Name:Casteline
    Meta:20170213_hat

v1: Casteline_s1_F_20170213_hat
v2: Casteline_20170213_hat

Upgrader:
  Directory with IDv1 found: 
  /Users/Amicus/Dropbox (Wikitongues)/Teamwide/1_Oral_Histories/Celena_s2_F_20150815_mwl+por
    Name:Celena
    Meta:20150815_mwl+por

v1: Celena_s2_F_20150815_mwl+por
v2: Celena_20150815_mwl+por

Upgrader:
  Directory with IDv1 found: 
  /Users/Amicus/Dropbox (Wikitongues)/Teamwide/1_Oral_Histories/Charles_s1_M_20151215_wuu
    Name:Charles
    Meta:20151215_wuu

v1: Charles_s1_M_20151215_wuu
v2: Charles_20151215_wuu

Upgrader:
  Directory with IDv1 found: 
  /Users/Amicus/Dropbox (Wikitongues)/Teamwide/1_Oral_Histories/Chernet_s2_M_20160717_eng+spa
    Name:Chernet
    Meta:20160717_eng+spa

v1: Chernet_s2_M_20160717_eng+spa
v2: Chernet_20160717_eng+spa

Upgrader:
  Directory with IDv1 found: 
  /Users/Amicus/Dropbox (Wikitongues)/Teamwide/1_Oral_Histories/Chez_s1_F_20160717_taj
    Name:Chez
    Meta:20160717_taj

v1: Chez_s1_F_20160717_taj
v2: Chez_20160717_taj

Upgrader:
  Directory with IDv1 found: 
  /Users/Amicus/Dropbox (Wikitongues)/Teamwide/1_Oral_Histories/Christian_s1_M_20150407_fra
    Name:Christian
    Meta:20150407_fra

v1: Christian_s1_M_20150407_fra
v2: Christian_20150407_fra

Upgrader:
  Directory with IDv1 found: 
  /Users/Amicus/Dropbox (Wikitongues)/Teamwide/1_Oral_Histories/Christine_s1_F_20140921_sco
    Name:Christine
    Meta:20140921_sco

v1: Christine_s1_F_20140921_sco
v2: Christine_20140921_sco

Upgrader:
  Directory with IDv1 found: 
  /Users/Amicus/Dropbox (Wikitongues)/Teamwide/1_Oral_Histories/Churmin_s1_F_20160717_xsr
    Name:Churmin
    Meta:20160717_xsr

v1: Churmin_s1_F_20160717_xsr
v2: Churmin_20160717_xsr

Upgrader:
  Directory with IDv1 found: 
  /Users/Amicus/Dropbox (Wikitongues)/Teamwide/1_Oral_Histories/Ciaran_s1_M_20151222_eng
    Name:Ciaran
    Meta:20151222_eng

v1: Ciaran_s1_M_20151222_eng
v2: Ciaran_20151222_eng

Upgrader:
  Directory with IDv1 found: 
  /Users/Amicus/Dropbox (Wikitongues)/Teamwide/1_Oral_Histories/Conor_s1_M_20140302_spa
    Name:Conor
    Meta:20140302_spa

v1: Conor_s1_M_20140302_spa
v2: Conor_20140302_spa

Upgrader:
  Directory with IDv1 found: 
  /Users/Amicus/Dropbox (Wikitongues)/Teamwide/1_Oral_Histories/Daisy_s1_F_20160102_kin
    Name:Daisy
    Meta:20160102_kin

v1: Daisy_s1_F_20160102_kin
v2: Daisy_20160102_kin

Upgrader:
  Directory with IDv1 found: 
  /Users/Amicus/Dropbox (Wikitongues)/Teamwide/1_Oral_Histories/Dale_s1_M_20160110_pdc
    Name:Dale
    Meta:20160110_pdc

v1: Dale_s1_M_20160110_pdc
v2: Dale_20160110_pdc

Upgrader:
  Directory with IDv1 found: 
  /Users/Amicus/Dropbox (Wikitongues)/Teamwide/1_Oral_Histories/Dang_s1_F_20140209_tha
    Name:Dang
    Meta:20140209_tha

v1: Dang_s1_F_20140209_tha
v2: Dang_20140209_tha

Upgrader:
  Directory with IDv1 found: 
  /Users/Amicus/Dropbox (Wikitongues)/Teamwide/1_Oral_Histories/Daniel_s1_M_20151103_roh
    Name:Daniel
    Meta:20151103_roh

v1: Daniel_s1_M_20151103_roh
v2: Daniel_20151103_roh

Upgrader:
  Directory with IDv1 found: 
  /Users/Amicus/Dropbox (Wikitongues)/Teamwide/1_Oral_Histories/Daniel_s1_M_20151224_gum
    Name:Daniel
    Meta:20151224_gum

v1: Daniel_s1_M_20151224_gum
v2: Daniel_20151224_gum

Upgrader:
  Directory with IDv1 found: 
  /Users/Amicus/Dropbox (Wikitongues)/Teamwide/1_Oral_Histories/Danio_s1_M_20150820_rgn
    Name:Danio
    Meta:20150820_rgn

v1: Danio_s1_M_20150820_rgn
v2: Danio_20150820_rgn

Upgrader:
  Directory with IDv1 found: 
  /Users/Amicus/Dropbox (Wikitongues)/Teamwide/1_Oral_Histories/Darma_s1_M_20151217_min
    Name:Darma
    Meta:20151217_min

v1: Darma_s1_M_20151217_min
v2: Darma_20151217_min

Upgrader:
  Directory with IDv1 found: 
  /Users/Amicus/Dropbox (Wikitongues)/Teamwide/1_Oral_Histories/David_s2_M_20140923_sco+eng
    Name:David
    Meta:20140923_sco+eng

v1: David_s2_M_20140923_sco+eng
v2: David_20140923_sco+eng

Upgrader:
  Directory with IDv1 found: 
  /Users/Amicus/Dropbox (Wikitongues)/Teamwide/1_Oral_Histories/Devika_s4_F_20141012_eng+rwr+mar+hin
    Name:Devika
    Meta:20141012_eng+rwr+mar+hin

v1: Devika_s4_F_20141012_eng+rwr+mar+hin
v2: Devika_20141012_eng+rwr+mar+hin

Upgrader:
  Directory with IDv1 found: 
  /Users/Amicus/Dropbox (Wikitongues)/Teamwide/1_Oral_Histories/Diego_s6_M_20170403_por+spa+ita+fra+eng+deu
    Name:Diego
    Meta:20170403_por+spa+ita+fra+eng+deu

v1: Diego_s6_M_20170403_por+spa+ita+fra+eng+deu
v2: Diego_20170403_por+spa+ita+fra+eng+deu

Upgrader:
  Directory with IDv1 found: 
  /Users/Amicus/Dropbox (Wikitongues)/Teamwide/1_Oral_Histories/Donald_s1_M_20140925_gla
    Name:Donald
    Meta:20140925_gla

v1: Donald_s1_M_20140925_gla
v2: Donald_20140925_gla

Upgrader:
  Directory with IDv1 found: 
  /Users/Amicus/Dropbox (Wikitongues)/Teamwide/1_Oral_Histories/Dora_s1_F_20151217_eng
    Name:Dora
    Meta:20151217_eng

v1: Dora_s1_F_20151217_eng
v2: Dora_20151217_eng

Upgrader:
  Directory with IDv1 found: 
  /Users/Amicus/Dropbox (Wikitongues)/Teamwide/1_Oral_Histories/Dragan_s1_M_20150904_srp
    Name:Dragan
    Meta:20150904_srp

v1: Dragan_s1_M_20150904_srp
v2: Dragan_20150904_srp

Upgrader:
  Directory with IDv1 found: 
  /Users/Amicus/Dropbox (Wikitongues)/Teamwide/1_Oral_Histories/Dragan_s1_M_20151110_mkd
    Name:Dragan
    Meta:20151110_mkd

v1: Dragan_s1_M_20151110_mkd
v2: Dragan_20151110_mkd

Upgrader:
  Directory with IDv1 found: 
  /Users/Amicus/Dropbox (Wikitongues)/Teamwide/1_Oral_Histories/Drita_s1_F_20150210_ysl
    Name:Drita
    Meta:20150210_ysl

v1: Drita_s1_F_20150210_ysl
v2: Drita_20150210_ysl

Upgrader:
  Directory with IDv1 found: 
  /Users/Amicus/Dropbox (Wikitongues)/Teamwide/1_Oral_Histories/Edith_s1_F_20140729_spa
    Name:Edith
    Meta:20140729_spa

v1: Edith_s1_F_20140729_spa
v2: Edith_20140729_spa

Upgrader:
  Directory with IDv1 found: 
  /Users/Amicus/Dropbox (Wikitongues)/Teamwide/1_Oral_Histories/Ela_s1_F_20141113_tur
    Name:Ela
    Meta:20141113_tur

v1: Ela_s1_F_20141113_tur
v2: Ela_20141113_tur

Upgrader:
  Directory with IDv1 found: 
  /Users/Amicus/Dropbox (Wikitongues)/Teamwide/1_Oral_Histories/Elisa_s1_F_20140729_vec
    Name:Elisa
    Meta:20140729_vec

v1: Elisa_s1_F_20140729_vec
v2: Elisa_20140729_vec

Upgrader:
  Directory with IDv1 found: 
  /Users/Amicus/Dropbox (Wikitongues)/Teamwide/1_Oral_Histories/Enkelejd_s1_M_20151027_als
    Name:Enkelejd
    Meta:20151027_als

v1: Enkelejd_s1_M_20151027_als
v2: Enkelejd_20151027_als

Upgrader:
  Directory with IDv1 found: 
  /Users/Amicus/Dropbox (Wikitongues)/Teamwide/1_Oral_Histories/Enrique_s1_M_20151210_spa
    Name:Enrique
    Meta:20151210_spa

v1: Enrique_s1_M_20151210_spa
v2: Enrique_20151210_spa

Upgrader:
  Directory with IDv1 found: 
  /Users/Amicus/Dropbox (Wikitongues)/Teamwide/1_Oral_Histories/Erika_s1_F_20150904_lit
    Name:Erika
    Meta:20150904_lit

v1: Erika_s1_F_20150904_lit
v2: Erika_20150904_lit

Upgrader:
  Directory with IDv1 found: 
  /Users/Amicus/Dropbox (Wikitongues)/Teamwide/1_Oral_Histories/Eva_s1_F_20130203_nld
    Name:Eva
    Meta:20130203_nld

v1: Eva_s1_F_20130203_nld
v2: Eva_20130203_nld

Upgrader:
  Directory with IDv1 found: 
  /Users/Amicus/Dropbox (Wikitongues)/Teamwide/1_Oral_Histories/Evelyn_s1_F_20150630_deu
    Name:Evelyn
    Meta:20150630_deu

v1: Evelyn_s1_F_20150630_deu
v2: Evelyn_20150630_deu

Upgrader:
  Directory with IDv1 found: 
  /Users/Amicus/Dropbox (Wikitongues)/Teamwide/1_Oral_Histories/Evgenii_s1_M_20170214_ckt
    Name:Evgenii
    Meta:20170214_ckt

v1: Evgenii_s1_M_20170214_ckt
v2: Evgenii_20170214_ckt

Upgrader:
  Directory with IDv1 found: 
  /Users/Amicus/Dropbox (Wikitongues)/Teamwide/1_Oral_Histories/Fabia_s1_F_20150815_gsw
    Name:Fabia
    Meta:20150815_gsw

v1: Fabia_s1_F_20150815_gsw
v2: Fabia_20150815_gsw

Upgrader:
  Directory with IDv1 found: 
  /Users/Amicus/Dropbox (Wikitongues)/Teamwide/1_Oral_Histories/Fabiola_s1_F_20140729_ita
    Name:Fabiola
    Meta:20140729_ita

v1: Fabiola_s1_F_20140729_ita
v2: Fabiola_20140729_ita

Upgrader:
  Directory with IDv1 found: 
  /Users/Amicus/Dropbox (Wikitongues)/Teamwide/1_Oral_Histories/Fanny_s1_F_20160127_rup
    Name:Fanny
    Meta:20160127_rup

v1: Fanny_s1_F_20160127_rup
v2: Fanny_20160127_rup

Upgrader:
  Directory with IDv1 found: 
  /Users/Amicus/Dropbox (Wikitongues)/Teamwide/1_Oral_Histories/Florentina_s1_F_20150220_rup
    Name:Florentina
    Meta:20150220_rup

v1: Florentina_s1_F_20150220_rup
v2: Florentina_20150220_rup

Upgrader:
  Directory with IDv1 found: 
  /Users/Amicus/Dropbox (Wikitongues)/Teamwide/1_Oral_Histories/Frances_s1_F_20170425_gle
    Name:Frances
    Meta:20170425_gle

v1: Frances_s1_F_20170425_gle
v2: Frances_20170425_gle

Upgrader:
  Directory with IDv1 found: 
  /Users/Amicus/Dropbox (Wikitongues)/Teamwide/1_Oral_Histories/Francesco_s1_M_20151124_fur
    Name:Francesco
    Meta:20151124_fur

v1: Francesco_s1_M_20151124_fur
v2: Francesco_20151124_fur

Upgrader:
  Directory with IDv1 found: 
  /Users/Amicus/Dropbox (Wikitongues)/Teamwide/1_Oral_Histories/Franco_s1_M_20151222_vec
    Name:Franco
    Meta:20151222_vec

v1: Franco_s1_M_20151222_vec
v2: Franco_20151222_vec

Upgrader:
  Directory with IDv1 found: 
  /Users/Amicus/Dropbox (Wikitongues)/Teamwide/1_Oral_Histories/Fugi_s1_M_20140309_oci
    Name:Fugi
    Meta:20140309_oci

v1: Fugi_s1_M_20140309_oci
v2: Fugi_20140309_oci

Upgrader:
  Directory with IDv1 found: 
  /Users/Amicus/Dropbox (Wikitongues)/Teamwide/1_Oral_Histories/Gi_s2_F_20170509_lmo+ita
    Name:Gi
    Meta:20170509_lmo+ita

v1: Gi_s2_F_20170509_lmo+ita
v2: Gi_20170509_lmo+ita

Upgrader:
  Directory with IDv1 found: 
  /Users/Amicus/Dropbox (Wikitongues)/Teamwide/1_Oral_Histories/Giacomo_s1_M_20140729_rgn
    Name:Giacomo
    Meta:20140729_rgn

v1: Giacomo_s1_M_20140729_rgn
v2: Giacomo_20140729_rgn

Upgrader:
  Directory with IDv1 found: 
  /Users/Amicus/Dropbox (Wikitongues)/Teamwide/1_Oral_Histories/Giorgos_s1_M_20141215_ell
    Name:Giorgos
    Meta:20141215_ell

v1: Giorgos_s1_M_20141215_ell
v2: Giorgos_20141215_ell

Upgrader:
  Directory with IDv1 found: 
  /Users/Amicus/Dropbox (Wikitongues)/Teamwide/1_Oral_Histories/Giuseppe_s2_M_20160823_scn+ell
    Name:Giuseppe
    Meta:20160823_scn+ell

v1: Giuseppe_s2_M_20160823_scn+ell
v2: Giuseppe_20160823_scn+ell

Upgrader:
  Directory with IDv1 found: 
  /Users/Amicus/Dropbox (Wikitongues)/Teamwide/1_Oral_Histories/Giuseppina_s1_F_20151208_aae
    Name:Giuseppina
    Meta:20151208_aae

v1: Giuseppina_s1_F_20151208_aae
v2: Giuseppina_20151208_aae

Upgrader:
  Directory with IDv1 found: 
  /Users/Amicus/Dropbox (Wikitongues)/Teamwide/1_Oral_Histories/Gjyste_s1_F_20150720_aln
    Name:Gjyste
    Meta:20150720_aln

v1: Gjyste_s1_F_20150720_aln
v2: Gjyste_20150720_aln

Upgrader:
  Directory with IDv1 found: 
  /Users/Amicus/Dropbox (Wikitongues)/Teamwide/1_Oral_Histories/Gustavo_s1_M_20150804_por
    Name:Gustavo
    Meta:20150804_por

v1: Gustavo_s1_M_20150804_por
v2: Gustavo_20150804_por

Upgrader:
  Directory with IDv1 found: 
  
    Name:Hangi
    Meta:20181213_hke

v1: 
v2: Hangi_20181213_hke

Upgrader:
  Directory with IDv1 found: 
  /Users/Amicus/Dropbox (Wikitongues)/Teamwide/1_Oral_Histories/Hani_s1_M_20140414_swe
    Name:Hani
    Meta:20140414_swe

v1: Hani_s1_M_20140414_swe
v2: Hani_20140414_swe

Upgrader:
  Directory with IDv1 found: 
  /Users/Amicus/Dropbox (Wikitongues)/Teamwide/1_Oral_Histories/Hiljiardo_s1_M_20140614_epo
    Name:Hiljiardo
    Meta:20140614_epo

v1: Hiljiardo_s1_M_20140614_epo
v2: Hiljiardo_20140614_epo

Upgrader:
  Directory with IDv1 found: 
  /Users/Amicus/Dropbox (Wikitongues)/Teamwide/1_Oral_Histories/Hiroyuki_s1__20170329_mvi
    Name:Hiroyuki
    Meta:20170329_mvi

v1: Hiroyuki_s1__20170329_mvi
v2: Hiroyuki_20170329_mvi

Upgrader:
  Directory with IDv1 found: 
  /Users/Amicus/Dropbox (Wikitongues)/Teamwide/1_Oral_Histories/Horace_s1_M_20130704_frc
    Name:Horace
    Meta:20130704_frc

v1: Horace_s1_M_20130704_frc
v2: Horace_20130704_frc

Upgrader:
  Directory with IDv1 found: 
  /Users/Amicus/Dropbox (Wikitongues)/Teamwide/1_Oral_Histories/Hussein_s1_M_20160718_prs
    Name:Hussein
    Meta:20160718_prs

v1: Hussein_s1_M_20160718_prs
v2: Hussein_20160718_prs

Upgrader:
  Directory with IDv1 found: 
  /Users/Amicus/Dropbox (Wikitongues)/Teamwide/1_Oral_Histories/Hywel_s1_M_20150214_cym
    Name:Hywel
    Meta:20150214_cym

v1: Hywel_s1_M_20150214_cym
v2: Hywel_20150214_cym

Upgrader:
  Directory with IDv1 found: 
  /Users/Amicus/Dropbox (Wikitongues)/Teamwide/1_Oral_Histories/Iain_s1_M_20140918_gla
    Name:Iain
    Meta:20140918_gla

v1: Iain_s1_M_20140918_gla
v2: Iain_20140918_gla

Upgrader:
  Directory with IDv1 found: 
  /Users/Amicus/Dropbox (Wikitongues)/Teamwide/1_Oral_Histories/Iasmin_s2_F_20150612_yue+eng
    Name:Iasmin
    Meta:20150612_yue+eng

v1: Iasmin_s2_F_20150612_yue+eng
v2: Iasmin_20150612_yue+eng

Upgrader:
  Directory with IDv1 found: 
  /Users/Amicus/Dropbox (Wikitongues)/Teamwide/1_Oral_Histories/Ilir_s1_M_20150416_aln
    Name:Ilir
    Meta:20150416_aln

v1: Ilir_s1_M_20150416_aln
v2: Ilir_20150416_aln

Upgrader:
  Directory with IDv1 found: 
  /Users/Amicus/Dropbox (Wikitongues)/Teamwide/1_Oral_Histories/Irena_s1_F_20150720_aln
    Name:Irena
    Meta:20150720_aln

v1: Irena_s1_F_20150720_aln
v2: Irena_20150720_aln

Upgrader:
  Directory with IDv1 found: 
  /Users/Amicus/Dropbox (Wikitongues)/Teamwide/1_Oral_Histories/Isabel_s1_F_20150815_mwl
    Name:Isabel
    Meta:20150815_mwl

v1: Isabel_s1_F_20150815_mwl
v2: Isabel_20150815_mwl

Upgrader:
  Directory with IDv1 found: 
  /Users/Amicus/Dropbox (Wikitongues)/Teamwide/1_Oral_Histories/Isayev_s1_M_20141029_ava
    Name:Isayev
    Meta:20141029_ava

v1: Isayev_s1_M_20141029_ava
v2: Isayev_20141029_ava

Upgrader:
  Directory with IDv1 found: 
  /Users/Amicus/Dropbox (Wikitongues)/Teamwide/1_Oral_Histories/Ivy_s1_F_20151214_wuu
    Name:Ivy
    Meta:20151214_wuu

v1: Ivy_s1_F_20151214_wuu
v2: Ivy_20151214_wuu

Upgrader:
  Directory with IDv1 found: 
  /Users/Amicus/Dropbox (Wikitongues)/Teamwide/1_Oral_Histories/James_s2_M_20140101_pol+eng
    Name:James
    Meta:20140101_pol+eng

v1: James_s2_M_20140101_pol+eng
v2: James_20140101_pol+eng

Upgrader:
  Directory with IDv1 found: 
  /Users/Amicus/Dropbox (Wikitongues)/Teamwide/1_Oral_Histories/Jane_s1_F_20130530_eng
    Name:Jane
    Meta:20130530_eng

v1: Jane_s1_F_20130530_eng
v2: Jane_20130530_eng

Upgrader:
  Directory with IDv1 found: 
  /Users/Amicus/Dropbox (Wikitongues)/Teamwide/1_Oral_Histories/Jaswant_s1_M_20160514_bfr
    Name:Jaswant
    Meta:20160514_bfr

v1: Jaswant_s1_M_20160514_bfr
v2: Jaswant_20160514_bfr

Upgrader:
  Directory with IDv1 found: 
  /Users/Amicus/Dropbox (Wikitongues)/Teamwide/1_Oral_Histories/Javier_s2_M_20130303_nhn+spa
    Name:Javier
    Meta:20130303_nhn+spa

v1: Javier_s2_M_20130303_nhn+spa
v2: Javier_20130303_nhn+spa

Upgrader:
  Directory with IDv1 found: 
  /Users/Amicus/Dropbox (Wikitongues)/Teamwide/1_Oral_Histories/Jean-Luc_s1_M_20160608_bre
    Name:Jean-Luc
    Meta:20160608_bre

v1: Jean-Luc_s1_M_20160608_bre
v2: Jean-Luc_20160608_bre

Upgrader:
  Directory with IDv1 found: 
  /Users/Amicus/Dropbox (Wikitongues)/Teamwide/1_Oral_Histories/Jenni_s1_F_20130303_fin
    Name:Jenni
    Meta:20130303_fin

v1: Jenni_s1_F_20130303_fin
v2: Jenni_20130303_fin

Upgrader:
  Directory with IDv1 found: 
  /Users/Amicus/Dropbox (Wikitongues)/Teamwide/1_Oral_Histories/Jennifer_s1_F_20151224_eng
    Name:Jennifer
    Meta:20151224_eng

v1: Jennifer_s1_F_20151224_eng
v2: Jennifer_20151224_eng

Upgrader:
  Directory with IDv1 found: 
  /Users/Amicus/Dropbox (Wikitongues)/Teamwide/1_Oral_Histories/Jeremi_s1_M_20140627_afr
    Name:Jeremi
    Meta:20140627_afr

v1: Jeremi_s1_M_20140627_afr
v2: Jeremi_20140627_afr

Upgrader:
  Directory with IDv1 found: 
  /Users/Amicus/Dropbox (Wikitongues)/Teamwide/1_Oral_Histories/Jide_s1_M_20160319_yor
    Name:Jide
    Meta:20160319_yor

v1: Jide_s1_M_20160319_yor
v2: Jide_20160319_yor

Upgrader:
  Directory with IDv1 found: 
  /Users/Amicus/Dropbox (Wikitongues)/Teamwide/1_Oral_Histories/Joel_s2_M_20130215_eng+heb
    Name:Joel
    Meta:20130215_eng+heb

v1: Joel_s2_M_20130215_eng+heb
v2: Joel_20130215_eng+heb

Upgrader:
  Directory with IDv1 found: 
  /Users/Amicus/Dropbox (Wikitongues)/Teamwide/1_Oral_Histories/John_s1_M_20140617_eng
    Name:John
    Meta:20140617_eng

v1: John_s1_M_20140617_eng
v2: John_20140617_eng

Upgrader:
  Directory with IDv1 found: 
  /Users/Amicus/Dropbox (Wikitongues)/Teamwide/1_Oral_Histories/John_s1_M_20151003_-jbo
    Name:John
    Meta:20151003_-jbo

v1: John_s1_M_20151003_-jbo
v2: John_20151003_-jbo

Upgrader:
  Directory with IDv1 found: 
  /Users/Amicus/Dropbox (Wikitongues)/Teamwide/1_Oral_Histories/John_s3_M_20160415_eng+spa+ell
    Name:John
    Meta:20160415_eng+spa+ell

v1: John_s3_M_20160415_eng+spa+ell
v2: John_20160415_eng+spa+ell

Upgrader:
  Directory with IDv1 found: 
  /Users/Amicus/Dropbox (Wikitongues)/Teamwide/1_Oral_Histories/Jon_s1_M_20131201_eus
    Name:Jon
    Meta:20131201_eus

v1: Jon_s1_M_20131201_eus
v2: Jon_20131201_eus

Upgrader:
  Directory with IDv1 found: 
  /Users/Amicus/Dropbox (Wikitongues)/Teamwide/1_Oral_Histories/Joshi_s1_M_20131201_epo
    Name:Joshi
    Meta:20131201_epo

v1: Joshi_s1_M_20131201_epo
v2: Joshi_20131201_epo

Upgrader:
  Directory with IDv1 found: 
  
    Name:Josèp
    Meta:20131019_oci

v1: 
v2: Josèp_20131019_oci

Upgrader:
  Directory with IDv1 found: 
  
    Name:José
    Meta:20140729_spa

v1: 
v2: José_20140729_spa

Upgrader:
  Directory with IDv1 found: 
  /Users/Amicus/Dropbox (Wikitongues)/Teamwide/1_Oral_Histories/Jovana_s1_F_20130901_srp
    Name:Jovana
    Meta:20130901_srp

v1: Jovana_s1_F_20130901_srp
v2: Jovana_20130901_srp

Upgrader:
  Directory with IDv1 found: 
  /Users/Amicus/Dropbox (Wikitongues)/Teamwide/1_Oral_Histories/Joyce_s1_F_20130329_yue
    Name:Joyce
    Meta:20130329_yue

v1: Joyce_s1_F_20130329_yue
v2: Joyce_20130329_yue

Upgrader:
  Directory with IDv1 found: 
  
    Name:Juba
    Meta:20181003_kab

v1: 
v2: Juba_20181003_kab

Upgrader:
  Directory with IDv1 found: 
  /Users/Amicus/Dropbox (Wikitongues)/Teamwide/1_Oral_Histories/Julia_s1_F_20140729_por
    Name:Julia
    Meta:20140729_por

v1: Julia_s1_F_20140729_por
v2: Julia_20140729_por

Upgrader:
  Directory with IDv1 found: 
  /Users/Amicus/Dropbox (Wikitongues)/Teamwide/1_Oral_Histories/Julia_s1_F_20160716_gsw
    Name:Julia
    Meta:20160716_gsw

v1: Julia_s1_F_20160716_gsw
v2: Julia_20160716_gsw

Upgrader:
  Directory with IDv1 found: 
  /Users/Amicus/Dropbox (Wikitongues)/Teamwide/1_Oral_Histories/Julius_s1_M_20151020_bbc
    Name:Julius
    Meta:20151020_bbc

v1: Julius_s1_M_20151020_bbc
v2: Julius_20151020_bbc

Upgrader:
  Directory with IDv1 found: 
  /Users/Amicus/Dropbox (Wikitongues)/Teamwide/1_Oral_Histories/Karl_s1_M_20160802_fil
    Name:Karl
    Meta:20160802_fil

v1: Karl_s1_M_20160802_fil
v2: Karl_20160802_fil

Upgrader:
  Directory with IDv1 found: 
  /Users/Amicus/Dropbox (Wikitongues)/Teamwide/1_Oral_Histories/Karl_s1_M_20160802_spa
    Name:Karl
    Meta:20160802_spa

v1: Karl_s1_M_20160802_spa
v2: Karl_20160802_spa

Upgrader:
  Directory with IDv1 found: 
  /Users/Amicus/Dropbox (Wikitongues)/Teamwide/1_Oral_Histories/Katalina_s1_F_20150623_eng
    Name:Katalina
    Meta:20150623_eng

v1: Katalina_s1_F_20150623_eng
v2: Katalina_20150623_eng

Upgrader:
  Directory with IDv1 found: 
  /Users/Amicus/Dropbox (Wikitongues)/Teamwide/1_Oral_Histories/Kevin_s1_M_20140217_eng
    Name:Kevin
    Meta:20140217_eng

v1: Kevin_s1_M_20140217_eng
v2: Kevin_20140217_eng

Upgrader:
  Directory with IDv1 found: 
  /Users/Amicus/Dropbox (Wikitongues)/Teamwide/1_Oral_Histories/Kevin_s1_M_20160301_por
    Name:Kevin
    Meta:20160301_por

v1: Kevin_s1_M_20160301_por
v2: Kevin_20160301_por

Upgrader:
  Directory with IDv1 found: 
  /Users/Amicus/Dropbox (Wikitongues)/Teamwide/1_Oral_Histories/Khady_s1_F_20160329_wol
    Name:Khady
    Meta:20160329_wol

v1: Khady_s1_F_20160329_wol
v2: Khady_20160329_wol

Upgrader:
  Directory with IDv1 found: 
  
    Name:Kham
    Meta:20171127_mji

v1: 
v2: Kham_20171127_mji

Upgrader:
  Directory with IDv1 found: 
  /Users/Amicus/Dropbox (Wikitongues)/Teamwide/1_Oral_Histories/Kiefer_s1_M_20140508_eng
    Name:Kiefer
    Meta:20140508_eng

v1: Kiefer_s1_M_20140508_eng
v2: Kiefer_20140508_eng

Upgrader:
  Directory with IDv1 found: 
  /Users/Amicus/Dropbox (Wikitongues)/Teamwide/1_Oral_Histories/Kiem_s1_M_20151215_vie
    Name:Kiem
    Meta:20151215_vie

v1: Kiem_s1_M_20151215_vie
v2: Kiem_20151215_vie

Upgrader:
  Directory with IDv1 found: 
  /Users/Amicus/Dropbox (Wikitongues)/Teamwide/1_Oral_Histories/Kimberly_s1_F_20130303_lkt
    Name:Kimberly
    Meta:20130303_lkt

v1: Kimberly_s1_F_20130303_lkt
v2: Kimberly_20130303_lkt

Upgrader:
  Directory with IDv1 found: 
  /Users/Amicus/Dropbox (Wikitongues)/Teamwide/1_Oral_Histories/Kinley_s1_M_20160816_dzo
    Name:Kinley
    Meta:20160816_dzo

v1: Kinley_s1_M_20160816_dzo
v2: Kinley_20160816_dzo

Upgrader:
  Directory with IDv1 found: 
  /Users/Amicus/Dropbox (Wikitongues)/Teamwide/1_Oral_Histories/Kostas_s1_M_20130303_ell
    Name:Kostas
    Meta:20130303_ell

v1: Kostas_s1_M_20130303_ell
v2: Kostas_20130303_ell

Upgrader:
  Directory with IDv1 found: 
  /Users/Amicus/Dropbox (Wikitongues)/Teamwide/1_Oral_Histories/Kostika_s1_M_20141128_rup
    Name:Kostika
    Meta:20141128_rup

v1: Kostika_s1_M_20141128_rup
v2: Kostika_20141128_rup

Upgrader:
  Directory with IDv1 found: 
  /Users/Amicus/Dropbox (Wikitongues)/Teamwide/1_Oral_Histories/Krishna_s1_M_20160721_bho
    Name:Krishna
    Meta:20160721_bho

v1: Krishna_s1_M_20160721_bho
v2: Krishna_20160721_bho

Upgrader:
  Directory with IDv1 found: 
  
    Name:Krzyś
    Meta:20130329_pol

v1: 
v2: Krzyś_20130329_pol

Upgrader:
  Directory with IDv1 found: 
  /Users/Amicus/Dropbox (Wikitongues)/Teamwide/1_Oral_Histories/La_s1_F_20160510_lao
    Name:La
    Meta:20160510_lao

v1: La_s1_F_20160510_lao
v2: La_20160510_lao

Upgrader:
  Directory with IDv1 found: 
  /Users/Amicus/Dropbox (Wikitongues)/Teamwide/1_Oral_Histories/Labaram_s1_M_20160702_bqg
    Name:Labaram
    Meta:20160702_bqg

v1: Labaram_s1_M_20160702_bqg
v2: Labaram_20160702_bqg

Upgrader:
  Directory with IDv1 found: 
  /Users/Amicus/Dropbox (Wikitongues)/Teamwide/1_Oral_Histories/Ladonna_s2_F_20140526_bis+lgk
    Name:Ladonna
    Meta:20140526_bis+lgk

v1: Ladonna_s2_F_20140526_bis+lgk
v2: Ladonna_20140526_bis+lgk

Upgrader:
  Directory with IDv1 found: 
  /Users/Amicus/Dropbox (Wikitongues)/Teamwide/1_Oral_Histories/Lama_s2_F_20130311_eng+ajp
    Name:Lama
    Meta:20130311_eng+ajp

v1: Lama_s2_F_20130311_eng+ajp
v2: Lama_20130311_eng+ajp

Upgrader:
  Directory with IDv1 found: 
  
    Name:Lancelot
    Meta:20170813_mtt

v1: 
v2: Lancelot_20170813_mtt

Upgrader:
  Directory with IDv1 found: 
  /Users/Amicus/Dropbox (Wikitongues)/Teamwide/1_Oral_Histories/Landon_s1_M_20140302_eng
    Name:Landon
    Meta:20140302_eng

v1: Landon_s1_M_20140302_eng
v2: Landon_20140302_eng

Upgrader:
  Directory with IDv1 found: 
  /Users/Amicus/Dropbox (Wikitongues)/Teamwide/1_Oral_Histories/Laura_s1_F_20170530_slf
    Name:Laura
    Meta:20170530_slf

v1: Laura_s1_F_20170530_slf
v2: Laura_20170530_slf

Upgrader:
  Directory with IDv1 found: 
  /Users/Amicus/Dropbox (Wikitongues)/Teamwide/1_Oral_Histories/Lee_s1_M_20130706_eng
    Name:Lee
    Meta:20130706_eng

v1: Lee_s1_M_20130706_eng
v2: Lee_20130706_eng

Upgrader:
  Directory with IDv1 found: 
  /Users/Amicus/Dropbox (Wikitongues)/Teamwide/1_Oral_Histories/Leslie_s1_F_20140209_eng
    Name:Leslie
    Meta:20140209_eng

v1: Leslie_s1_F_20140209_eng
v2: Leslie_20140209_eng

Upgrader:
  Directory with IDv1 found: 
  /Users/Amicus/Dropbox (Wikitongues)/Teamwide/1_Oral_Histories/Lillotama_s1_F_20160514_skr
    Name:Lillotama
    Meta:20160514_skr

v1: Lillotama_s1_F_20160514_skr
v2: Lillotama_20160514_skr

Upgrader:
  Directory with IDv1 found: 
  /Users/Amicus/Dropbox (Wikitongues)/Teamwide/1_Oral_Histories/Linh_s1_M_20170516_vie
    Name:Linh
    Meta:20170516_vie

v1: Linh_s1_M_20170516_vie
v2: Linh_20170516_vie

Upgrader:
  Directory with IDv1 found: 
  
    Name:Ljóni
    Meta:20160404_isl

v1: 
v2: Ljóni_20160404_isl

Upgrader:
  Directory with IDv1 found: 
  /Users/Amicus/Dropbox (Wikitongues)/Teamwide/1_Oral_Histories/Lolly_s1_F_20130920_zul
    Name:Lolly
    Meta:20130920_zul

v1: Lolly_s1_F_20130920_zul
v2: Lolly_20130920_zul

Upgrader:
  Directory with IDv1 found: 
  /Users/Amicus/Dropbox (Wikitongues)/Teamwide/1_Oral_Histories/Lopez_s1_M_20140610_-naf
    Name:Lopez
    Meta:20140610_-naf

v1: Lopez_s1_M_20140610_-naf
v2: Lopez_20140610_-naf

Upgrader:
  Directory with IDv1 found: 
  /Users/Amicus/Dropbox (Wikitongues)/Teamwide/1_Oral_Histories/Lorenzo_s1_M_20130202_quc
    Name:Lorenzo
    Meta:20130202_quc

v1: Lorenzo_s1_M_20130202_quc
v2: Lorenzo_20130202_quc

Upgrader:
  Directory with IDv1 found: 
  /Users/Amicus/Dropbox (Wikitongues)/Teamwide/1_Oral_Histories/Lucy_s1_F_20150618_mek
    Name:Lucy
    Meta:20150618_mek

v1: Lucy_s1_F_20150618_mek
v2: Lucy_20150618_mek

Upgrader:
  Directory with IDv1 found: 
  
    Name:Mahesh
    Meta:20190420_asm

v1: 
v2: Mahesh_20190420_asm

Upgrader:
  Directory with IDv1 found: 
  
    Name:Mahesh
    Meta:20190420_ben

v1: 
v2: Mahesh_20190420_ben

Upgrader:
  Directory with IDv1 found: 
  /Users/Amicus/Dropbox (Wikitongues)/Teamwide/1_Oral_Histories/Manjunath_s1_M_20150620_kan
    Name:Manjunath
    Meta:20150620_kan

v1: Manjunath_s1_M_20150620_kan
v2: Manjunath_20150620_kan

Upgrader:
  Directory with IDv1 found: 
  /Users/Amicus/Dropbox (Wikitongues)/Teamwide/1_Oral_Histories/Manjusha_s1_F_20140624_tel
    Name:Manjusha
    Meta:20140624_tel

v1: Manjusha_s1_F_20140624_tel
v2: Manjusha_20140624_tel

Upgrader:
  Directory with IDv1 found: 
  /Users/Amicus/Dropbox (Wikitongues)/Teamwide/1_Oral_Histories/Manolis_s1_M_20141215_tsd
    Name:Manolis
    Meta:20141215_tsd

v1: Manolis_s1_M_20141215_tsd
v2: Manolis_20141215_tsd

Upgrader:
  Directory with IDv1 found: 
  /Users/Amicus/Dropbox (Wikitongues)/Teamwide/1_Oral_Histories/Manuel_s1_M_20130203_toc
    Name:Manuel
    Meta:20130203_toc

v1: Manuel_s1_M_20130203_toc
v2: Manuel_20130203_toc

Upgrader:
  Directory with IDv1 found: 
  /Users/Amicus/Dropbox (Wikitongues)/Teamwide/1_Oral_Histories/Marapun_s1_M_20170329_tam
    Name:Marapun
    Meta:20170329_tam

v1: Marapun_s1_M_20170329_tam
v2: Marapun_20170329_tam

Upgrader:
  Directory with IDv1 found: 
  /Users/Amicus/Dropbox (Wikitongues)/Teamwide/1_Oral_Histories/Marco_s3_M_20150926_ita+vec+cim
    Name:Marco
    Meta:20150926_ita+vec+cim

v1: Marco_s3_M_20150926_ita+vec+cim
v2: Marco_20150926_ita+vec+cim

Upgrader:
  Directory with IDv1 found: 
  /Users/Amicus/Dropbox (Wikitongues)/Teamwide/1_Oral_Histories/Margaret_s1_F_20160806_hat
    Name:Margaret
    Meta:20160806_hat

v1: Margaret_s1_F_20160806_hat
v2: Margaret_20160806_hat

Upgrader:
  Directory with IDv1 found: 
  /Users/Amicus/Dropbox (Wikitongues)/Teamwide/1_Oral_Histories/Mario_s1_M_20150624_gsw
    Name:Mario
    Meta:20150624_gsw

v1: Mario_s1_M_20150624_gsw
v2: Mario_20150624_gsw

Upgrader:
  Directory with IDv1 found: 
  /Users/Amicus/Dropbox (Wikitongues)/Teamwide/1_Oral_Histories/Mario_s4_M_20161021_eng+cmn+jpn+por
    Name:Mario
    Meta:20161021_eng+cmn+jpn+por

v1: Mario_s4_M_20161021_eng+cmn+jpn+por
v2: Mario_20161021_eng+cmn+jpn+por

Upgrader:
  Directory with IDv1 found: 
  /Users/Amicus/Dropbox (Wikitongues)/Teamwide/1_Oral_Histories/Marion_s1_F_20130704_eng
    Name:Marion
    Meta:20130704_eng

v1: Marion_s1_F_20130704_eng
v2: Marion_20130704_eng

Upgrader:
  Directory with IDv1 found: 
  /Users/Amicus/Dropbox (Wikitongues)/Teamwide/1_Oral_Histories/Mark_s1_M_20131019_ltz
    Name:Mark
    Meta:20131019_ltz

v1: Mark_s1_M_20131019_ltz
v2: Mark_20131019_ltz

Upgrader:
  Directory with IDv1 found: 
  /Users/Amicus/Dropbox (Wikitongues)/Teamwide/1_Oral_Histories/Mark_s1_M_20150704_che
    Name:Mark
    Meta:20150704_che

v1: Mark_s1_M_20150704_che
v2: Mark_20150704_che

Upgrader:
  Directory with IDv1 found: 
  /Users/Amicus/Dropbox (Wikitongues)/Teamwide/1_Oral_Histories/Mark_s1_M_20150704_kal
    Name:Mark
    Meta:20150704_kal

v1: Mark_s1_M_20150704_kal
v2: Mark_20150704_kal

Upgrader:
  Directory with IDv1 found: 
  /Users/Amicus/Dropbox (Wikitongues)/Teamwide/1_Oral_Histories/Marks_s1_M_20140502_lvs
    Name:Marks
    Meta:20140502_lvs

v1: Marks_s1_M_20140502_lvs
v2: Marks_20140502_lvs

Upgrader:
  Directory with IDv1 found: 
  /Users/Amicus/Dropbox (Wikitongues)/Teamwide/1_Oral_Histories/Martin_s2_M_20140812_swe+pol
    Name:Martin
    Meta:20140812_swe+pol

v1: Martin_s2_M_20140812_swe+pol
v2: Martin_20140812_swe+pol

Upgrader:
  Directory with IDv1 found: 
  /Users/Amicus/Dropbox (Wikitongues)/Teamwide/1_Oral_Histories/Marty_s3_M_20150904_eng+fra+aln
    Name:Marty
    Meta:20150904_eng+fra+aln

v1: Marty_s3_M_20150904_eng+fra+aln
v2: Marty_20150904_eng+fra+aln

Upgrader:
  Directory with IDv1 found: 
  /Users/Amicus/Dropbox (Wikitongues)/Teamwide/1_Oral_Histories/Marty_s1_M_20151212_cor
    Name:Marty
    Meta:20151212_cor

v1: Marty_s1_M_20151212_cor
v2: Marty_20151212_cor

Upgrader:
  Directory with IDv1 found: 
  /Users/Amicus/Dropbox (Wikitongues)/Teamwide/1_Oral_Histories/Marvin_s1_M_20150625_deu
    Name:Marvin
    Meta:20150625_deu

v1: Marvin_s1_M_20150625_deu
v2: Marvin_20150625_deu

Upgrader:
  Directory with IDv1 found: 
  
    Name:María
    Meta:20150924_gug

v1: 
v2: María_20150924_gug

Upgrader:
  Directory with IDv1 found: 
  
    Name:Marília
    Meta:20150101_por

v1: 
v2: Marília_20150101_por

Upgrader:
  Directory with IDv1 found: 
  
    Name:Massinissa
    Meta:20190410_kab

v1: 
v2: Massinissa_20190410_kab

Upgrader:
  Directory with IDv1 found: 
  /Users/Amicus/Dropbox (Wikitongues)/Teamwide/1_Oral_Histories/Matic_s1_M_20151010_slv
    Name:Matic
    Meta:20151010_slv

v1: Matic_s1_M_20151010_slv
v2: Matic_20151010_slv

Upgrader:
  Directory with IDv1 found: 
  /Users/Amicus/Dropbox (Wikitongues)/Teamwide/1_Oral_Histories/Matt_s1_M_20160608_eng
    Name:Matt
    Meta:20160608_eng

v1: Matt_s1_M_20160608_eng
v2: Matt_20160608_eng

Upgrader:
  Directory with IDv1 found: 
  /Users/Amicus/Dropbox (Wikitongues)/Teamwide/1_Oral_Histories/Matt_s1_Matt_20160609_cat
    Name:Matt
    Meta:20160609_cat

v1: Matt_s1_Matt_20160609_cat
v2: Matt_20160609_cat

Upgrader:
  Directory with IDv1 found: 
  /Users/Amicus/Dropbox (Wikitongues)/Teamwide/1_Oral_Histories/Matt_s1_Matt_20160609_fra
    Name:Matt
    Meta:20160609_fra

v1: Matt_s1_Matt_20160609_fra
v2: Matt_20160609_fra

Upgrader:
  Directory with IDv1 found: 
  /Users/Amicus/Dropbox (Wikitongues)/Teamwide/1_Oral_Histories/Matt_s1_Matt_20160609_heb
    Name:Matt
    Meta:20160609_heb

v1: Matt_s1_Matt_20160609_heb
v2: Matt_20160609_heb

Upgrader:
  Directory with IDv1 found: 
  /Users/Amicus/Dropbox (Wikitongues)/Teamwide/1_Oral_Histories/Matt_s1_Matt_20160609_por
    Name:Matt
    Meta:20160609_por

v1: Matt_s1_Matt_20160609_por
v2: Matt_20160609_por

Upgrader:
  Directory with IDv1 found: 
  /Users/Amicus/Dropbox (Wikitongues)/Teamwide/1_Oral_Histories/Matt_s1_Matt_20160609_spa
    Name:Matt
    Meta:20160609_spa

v1: Matt_s1_Matt_20160609_spa
v2: Matt_20160609_spa

Upgrader:
  Directory with IDv1 found: 
  /Users/Amicus/Dropbox (Wikitongues)/Teamwide/1_Oral_Histories/Matteo_s1_M_20131030_lmo
    Name:Matteo
    Meta:20131030_lmo

v1: Matteo_s1_M_20131030_lmo
v2: Matteo_20131030_lmo

Upgrader:
  Directory with IDv1 found: 
  /Users/Amicus/Dropbox (Wikitongues)/Teamwide/1_Oral_Histories/Max_s2_M_20150904_fin+swe
    Name:Max
    Meta:20150904_fin+swe

v1: Max_s2_M_20150904_fin+swe
v2: Max_20150904_fin+swe

Upgrader:
  Directory with IDv1 found: 
  /Users/Amicus/Dropbox (Wikitongues)/Teamwide/1_Oral_Histories/Maxi_s5_M_20140821_spa+eng+por+cat+ita
    Name:Maxi
    Meta:20140821_spa+eng+por+cat+ita

v1: Maxi_s5_M_20140821_spa+eng+por+cat+ita
v2: Maxi_20140821_spa+eng+por+cat+ita

Upgrader:
  Directory with IDv1 found: 
  /Users/Amicus/Dropbox (Wikitongues)/Teamwide/1_Oral_Histories/Mazhar_s1_M_20160515_bug
    Name:Mazhar
    Meta:20160515_bug

v1: Mazhar_s1_M_20160515_bug
v2: Mazhar_20160515_bug

Upgrader:
  Directory with IDv1 found: 
  
    Name:MaáduHassan
    Meta:20150219_chr

v1: 
v2: MaáduHassan_20150219_chr

Upgrader:
  Directory with IDv1 found: 
  
    Name:MaáduHassan
    Meta:20181110_chr

v1: 
v2: MaáduHassan_20181110_chr

Upgrader:
  Directory with IDv1 found: 
  /Users/Amicus/Dropbox (Wikitongues)/Teamwide/1_Oral_Histories/Memmed_s3_M_20150609_eng+ces+azj
    Name:Memmed
    Meta:20150609_eng+ces+azj

v1: Memmed_s3_M_20150609_eng+ces+azj
v2: Memmed_20150609_eng+ces+azj

Upgrader:
  Directory with IDv1 found: 
  /Users/Amicus/Dropbox (Wikitongues)/Teamwide/1_Oral_Histories/Michael_s1_M_20130316_khm
    Name:Michael
    Meta:20130316_khm

v1: Michael_s1_M_20130316_khm
v2: Michael_20130316_khm

Upgrader:
  Directory with IDv1 found: 
  /Users/Amicus/Dropbox (Wikitongues)/Teamwide/1_Oral_Histories/Michael_s1_M_20130715_eng
    Name:Michael
    Meta:20130715_eng

v1: Michael_s1_M_20130715_eng
v2: Michael_20130715_eng

Upgrader:
  Directory with IDv1 found: 
  /Users/Amicus/Dropbox (Wikitongues)/Teamwide/1_Oral_Histories/Michael_s1_M_20140729_tso
    Name:Michael
    Meta:20140729_tso

v1: Michael_s1_M_20140729_tso
v2: Michael_20140729_tso

Upgrader:
  Directory with IDv1 found: 
  /Users/Amicus/Dropbox (Wikitongues)/Teamwide/1_Oral_Histories/Michell_s1_M_20130706_eng
    Name:Michell
    Meta:20130706_eng

v1: Michell_s1_M_20130706_eng
v2: Michell_20130706_eng

Upgrader:
  Directory with IDv1 found: 
  /Users/Amicus/Dropbox (Wikitongues)/Teamwide/1_Oral_Histories/Michi_s1_M_20140729_bar
    Name:Michi
    Meta:20140729_bar

v1: Michi_s1_M_20140729_bar
v2: Michi_20140729_bar

Upgrader:
  Directory with IDv1 found: 
  /Users/Amicus/Dropbox (Wikitongues)/Teamwide/1_Oral_Histories/Miguel_s1_M_20150324_cat
    Name:Miguel
    Meta:20150324_cat

v1: Miguel_s1_M_20150324_cat
v2: Miguel_20150324_cat

Upgrader:
  Directory with IDv1 found: 
  /Users/Amicus/Dropbox (Wikitongues)/Teamwide/1_Oral_Histories/Mila_s1_F_20141016_fij
    Name:Mila
    Meta:20141016_fij

v1: Mila_s1_F_20141016_fij
v2: Mila_20141016_fij

Upgrader:
  Directory with IDv1 found: 
  /Users/Amicus/Dropbox (Wikitongues)/Teamwide/1_Oral_Histories/Milen_s1_M_20140902_bul
    Name:Milen
    Meta:20140902_bul

v1: Milen_s1_M_20140902_bul
v2: Milen_20140902_bul

Upgrader:
  Directory with IDv1 found: 
  /Users/Amicus/Dropbox (Wikitongues)/Teamwide/1_Oral_Histories/Mirela_s1_F_20141002_bos
    Name:Mirela
    Meta:20141002_bos

v1: Mirela_s1_F_20141002_bos
v2: Mirela_20141002_bos

Upgrader:
  Directory with IDv1 found: 
  
    Name:Miriam
    Meta:20181228_ctu+spa

v1: 
v2: Miriam_20181228_ctu+spa

Upgrader:
  Directory with IDv1 found: 
  /Users/Amicus/Dropbox (Wikitongues)/Teamwide/1_Oral_Histories/Mirjana_s1_F_20141030_srp
    Name:Mirjana
    Meta:20141030_srp

v1: Mirjana_s1_F_20141030_srp
v2: Mirjana_20141030_srp

Upgrader:
  Directory with IDv1 found: 
  /Users/Amicus/Dropbox (Wikitongues)/Teamwide/1_Oral_Histories/Mohammad_s1_M_20160721_bqi
    Name:Mohammad
    Meta:20160721_bqi

v1: Mohammad_s1_M_20160721_bqi
v2: Mohammad_20160721_bqi

Upgrader:
  Directory with IDv1 found: 
  /Users/Amicus/Dropbox (Wikitongues)/Teamwide/1_Oral_Histories/Mounir_s1_M_20160721_aeb
    Name:Mounir
    Meta:20160721_aeb

v1: Mounir_s1_M_20160721_aeb
v2: Mounir_20160721_aeb

Upgrader:
  Directory with IDv1 found: 
  /Users/Amicus/Dropbox (Wikitongues)/Teamwide/1_Oral_Histories/Muhned_s1_M_20150221_jbn
    Name:Muhned
    Meta:20150221_jbn

v1: Muhned_s1_M_20150221_jbn
v2: Muhned_20150221_jbn

Upgrader:
  Directory with IDv1 found: 
  
    Name:Nama
    Meta:20190622_ewo

v1: 
v2: Nama_20190622_ewo

Upgrader:
  Directory with IDv1 found: 
  /Users/Amicus/Dropbox (Wikitongues)/Teamwide/1_Oral_Histories/Naoki_s4_M_20161227_ryu+myv+xal+prg
    Name:Naoki
    Meta:20161227_ryu+myv+xal+prg

v1: Naoki_s4_M_20161227_ryu+myv+xal+prg
v2: Naoki_20161227_ryu+myv+xal+prg

Upgrader:
  Directory with IDv1 found: 
  /Users/Amicus/Dropbox (Wikitongues)/Teamwide/1_Oral_Histories/Naomi_s1_F_20140101_jpn
    Name:Naomi
    Meta:20140101_jpn

v1: Naomi_s1_F_20140101_jpn
v2: Naomi_20140101_jpn

Upgrader:
  Directory with IDv1 found: 
  /Users/Amicus/Dropbox (Wikitongues)/Teamwide/1_Oral_Histories/Nat_s1_M_20161101_yua
    Name:Nat
    Meta:20161101_yua

v1: Nat_s1_M_20161101_yua
v2: Nat_20161101_yua

Upgrader:
  Directory with IDv1 found: 
  /Users/Amicus/Dropbox (Wikitongues)/Teamwide/1_Oral_Histories/Natasha_s1_F_20130224_eng
    Name:Natasha
    Meta:20130224_eng

v1: Natasha_s1_F_20130224_eng
v2: Natasha_20130224_eng

Upgrader:
  Directory with IDv1 found: 
  /Users/Amicus/Dropbox (Wikitongues)/Teamwide/1_Oral_Histories/Navas_s1_M_20160925_-byu
    Name:Navas
    Meta:20160925_-byu

v1: Navas_s1_M_20160925_-byu
v2: Navas_20160925_-byu

Upgrader:
  Directory with IDv1 found: 
  /Users/Amicus/Dropbox (Wikitongues)/Teamwide/1_Oral_Histories/Naveed_s3_M_20140923_eng+urd+fra
    Name:Naveed
    Meta:20140923_eng+urd+fra

v1: Naveed_s3_M_20140923_eng+urd+fra
v2: Naveed_20140923_eng+urd+fra

Upgrader:
  Directory with IDv1 found: 
  /Users/Amicus/Dropbox (Wikitongues)/Teamwide/1_Oral_Histories/Ngawang_s1_M_20161226_tsj
    Name:Ngawang
    Meta:20161226_tsj

v1: Ngawang_s1_M_20161226_tsj
v2: Ngawang_20161226_tsj

Upgrader:
  Directory with IDv1 found: 
  /Users/Amicus/Dropbox (Wikitongues)/Teamwide/1_Oral_Histories/Niḍāl_s1_M_20141202_apc
    Name:Niḍāl
    Meta:20141202_apc

v1: Niḍāl_s1_M_20141202_apc
v2: Niḍāl_20141202_apc

Upgrader:
  Directory with IDv1 found: 
  /Users/Amicus/Dropbox (Wikitongues)/Teamwide/1_Oral_Histories/Nikolin_s1_M_20150117_rup
    Name:Nikolin
    Meta:20150117_rup

v1: Nikolin_s1_M_20150117_rup
v2: Nikolin_20150117_rup

Upgrader:
  Directory with IDv1 found: 
  /Users/Amicus/Dropbox (Wikitongues)/Teamwide/1_Oral_Histories/Nikoloz_s1_M_20150609_kat
    Name:Nikoloz
    Meta:20150609_kat

v1: Nikoloz_s1_M_20150609_kat
v2: Nikoloz_20150609_kat

Upgrader:
  Directory with IDv1 found: 
  /Users/Amicus/Dropbox (Wikitongues)/Teamwide/1_Oral_Histories/Nila_s1_F_20150321_abs
    Name:Nila
    Meta:20150321_abs

v1: Nila_s1_F_20150321_abs
v2: Nila_20150321_abs

Upgrader:
  Directory with IDv1 found: 
  /Users/Amicus/Dropbox (Wikitongues)/Teamwide/1_Oral_Histories/Nila_s1_F_20151008_jav
    Name:Nila
    Meta:20151008_jav

v1: Nila_s1_F_20151008_jav
v2: Nila_20151008_jav

Upgrader:
  Directory with IDv1 found: 
  /Users/Amicus/Dropbox (Wikitongues)/Teamwide/1_Oral_Histories/Nila_s1_F_20151212_ind
    Name:Nila
    Meta:20151212_ind

v1: Nila_s1_F_20151212_ind
v2: Nila_20151212_ind

Upgrader:
  Directory with IDv1 found: 
  /Users/Amicus/Dropbox (Wikitongues)/Teamwide/1_Oral_Histories/Nir_s2_M_20160502_heb+rus
    Name:Nir
    Meta:20160502_heb+rus

v1: Nir_s2_M_20160502_heb+rus
v2: Nir_20160502_heb+rus

Upgrader:
  Directory with IDv1 found: 
  /Users/Amicus/Dropbox (Wikitongues)/Teamwide/1_Oral_Histories/Noah_s2_M_20160610_eng+gle
    Name:Noah
    Meta:20160610_eng+gle

v1: Noah_s2_M_20160610_eng+gle
v2: Noah_20160610_eng+gle

Upgrader:
  Directory with IDv1 found: 
  
    Name:Noot
    Meta:20171127_lao

v1: 
v2: Noot_20171127_lao

Upgrader:
  Directory with IDv1 found: 
  /Users/Amicus/Dropbox (Wikitongues)/Teamwide/1_Oral_Histories/Nurkhalis_s1_M_20170530_bjn
    Name:Nurkhalis
    Meta:20170530_bjn

v1: Nurkhalis_s1_M_20170530_bjn
v2: Nurkhalis_20170530_bjn

Upgrader:
  Directory with IDv1 found: 
  /Users/Amicus/Dropbox (Wikitongues)/Teamwide/1_Oral_Histories/Octavia_s1_F_20130203_-hes
    Name:Octavia
    Meta:20130203_-hes

v1: Octavia_s1_F_20130203_-hes
v2: Octavia_20130203_-hes

Upgrader:
  Directory with IDv1 found: 
  /Users/Amicus/Dropbox (Wikitongues)/Teamwide/1_Oral_Histories/Omar_s1_M_20170421_mnk
    Name:Omar
    Meta:20170421_mnk

v1: Omar_s1_M_20170421_mnk
v2: Omar_20170421_mnk

Upgrader:
  Directory with IDv1 found: 
  /Users/Amicus/Dropbox (Wikitongues)/Teamwide/1_Oral_Histories/Opoka_s1_M_20150424_ach
    Name:Opoka
    Meta:20150424_ach

v1: Opoka_s1_M_20150424_ach
v2: Opoka_20150424_ach

Upgrader:
  Directory with IDv1 found: 
  /Users/Amicus/Dropbox (Wikitongues)/Teamwide/1_Oral_Histories/Orsolya_s1_F_20151201_hun
    Name:Orsolya
    Meta:20151201_hun

v1: Orsolya_s1_F_20151201_hun
v2: Orsolya_20151201_hun

Upgrader:
  Directory with IDv1 found: 
  /Users/Amicus/Dropbox (Wikitongues)/Teamwide/1_Oral_Histories/Pablo_s1_M_20160107_cab
    Name:Pablo
    Meta:20160107_cab

v1: Pablo_s1_M_20160107_cab
v2: Pablo_20160107_cab

Upgrader:
  Directory with IDv1 found: 
  /Users/Amicus/Dropbox (Wikitongues)/Teamwide/1_Oral_Histories/Paul_s1_M_20141028_llu
    Name:Paul
    Meta:20141028_llu

v1: Paul_s1_M_20141028_llu
v2: Paul_20141028_llu

Upgrader:
  Directory with IDv1 found: 
  /Users/Amicus/Dropbox (Wikitongues)/Teamwide/1_Oral_Histories/Paul_s1_M_20160608_-gbc
    Name:Paul
    Meta:20160608_-gbc

v1: Paul_s1_M_20160608_-gbc
v2: Paul_20160608_-gbc

Upgrader:
  Directory with IDv1 found: 
  /Users/Amicus/Dropbox (Wikitongues)/Teamwide/1_Oral_Histories/Pavel_s1_M_20151105_bel
    Name:Pavel
    Meta:20151105_bel

v1: Pavel_s1_M_20151105_bel
v2: Pavel_20151105_bel

Upgrader:
  Directory with IDv1 found: 
  /Users/Amicus/Dropbox (Wikitongues)/Teamwide/1_Oral_Histories/Peter_s1_M_20151229_cor
    Name:Peter
    Meta:20151229_cor

v1: Peter_s1_M_20151229_cor
v2: Peter_20151229_cor

Upgrader:
  Directory with IDv1 found: 
  /Users/Amicus/Dropbox (Wikitongues)/Teamwide/1_Oral_Histories/Phunjo_s1_F_20160717_xsr
    Name:Phunjo
    Meta:20160717_xsr

v1: Phunjo_s1_F_20160717_xsr
v2: Phunjo_20160717_xsr

Upgrader:
  Directory with IDv1 found: 
  /Users/Amicus/Dropbox (Wikitongues)/Teamwide/1_Oral_Histories/Pietro_s1_M_20140524_lmo
    Name:Pietro
    Meta:20140524_lmo

v1: Pietro_s1_M_20140524_lmo
v2: Pietro_20140524_lmo

Upgrader:
  Directory with IDv1 found: 
  /Users/Amicus/Dropbox (Wikitongues)/Teamwide/1_Oral_Histories/Plator_s1_M_20140702_aln
    Name:Plator
    Meta:20140702_aln

v1: Plator_s1_M_20140702_aln
v2: Plator_20140702_aln

Upgrader:
  Directory with IDv1 found: 
  /Users/Amicus/Dropbox (Wikitongues)/Teamwide/1_Oral_Histories/Presi_s1_F_20140316_ceb
    Name:Presi
    Meta:20140316_ceb

v1: Presi_s1_F_20140316_ceb
v2: Presi_20140316_ceb

Upgrader:
  Directory with IDv1 found: 
  
    Name:Prionsías
    Meta:20170425_gle

v1: 
v2: Prionsías_20170425_gle

Upgrader:
  Directory with IDv1 found: 
  /Users/Amicus/Dropbox (Wikitongues)/Teamwide/1_Oral_Histories/Priscilla_s1_F_20140604_llp
    Name:Priscilla
    Meta:20140604_llp

v1: Priscilla_s1_F_20140604_llp
v2: Priscilla_20140604_llp

Upgrader:
  Directory with IDv1 found: 
  /Users/Amicus/Dropbox (Wikitongues)/Teamwide/1_Oral_Histories/Rachal_s1_F_20131201_yue
    Name:Rachal
    Meta:20131201_yue

v1: Rachal_s1_F_20131201_yue
v2: Rachal_20131201_yue

Upgrader:
  Directory with IDv1 found: 
  /Users/Amicus/Dropbox (Wikitongues)/Teamwide/1_Oral_Histories/Raluca_s1_F_20170421_ron
    Name:Raluca
    Meta:20170421_ron

v1: Raluca_s1_F_20170421_ron
v2: Raluca_20170421_ron

Upgrader:
  Directory with IDv1 found: 
  /Users/Amicus/Dropbox (Wikitongues)/Teamwide/1_Oral_Histories/Ram_s4_M_20160415_taj
    Name:Ram
    Meta:20160415_taj

v1: Ram_s4_M_20160415_taj
v2: Ram_20160415_taj

Upgrader:
  Directory with IDv1 found: 
  
    Name:Ramesh
    Meta:20190421_eng

v1: 
v2: Ramesh_20190421_eng

Upgrader:
  Directory with IDv1 found: 
  /Users/Amicus/Dropbox (Wikitongues)/Teamwide/1_Oral_Histories/Randeep_s1_M_20160419_pan
    Name:Randeep
    Meta:20160419_pan

v1: Randeep_s1_M_20160419_pan
v2: Randeep_20160419_pan

Upgrader:
  Directory with IDv1 found: 
  /Users/Amicus/Dropbox (Wikitongues)/Teamwide/1_Oral_Histories/Ratulevu_s1_M_20150530_fij
    Name:Ratulevu
    Meta:20150530_fij

v1: Ratulevu_s1_M_20150530_fij
v2: Ratulevu_20150530_fij

Upgrader:
  Directory with IDv1 found: 
  /Users/Amicus/Dropbox (Wikitongues)/Teamwide/1_Oral_Histories/Recep_s1_M_20150606_tur
    Name:Recep
    Meta:20150606_tur

v1: Recep_s1_M_20150606_tur
v2: Recep_20150606_tur

Upgrader:
  Directory with IDv1 found: 
  /Users/Amicus/Dropbox (Wikitongues)/Teamwide/1_Oral_Histories/Rejzka_s1_F_20151107_hsb
    Name:Rejzka
    Meta:20151107_hsb

v1: Rejzka_s1_F_20151107_hsb
v2: Rejzka_20151107_hsb

Upgrader:
  Directory with IDv1 found: 
  /Users/Amicus/Dropbox (Wikitongues)/Teamwide/1_Oral_Histories/Richard_s1_M_20170421_wya
    Name:Richard
    Meta:20170421_wya

v1: Richard_s1_M_20170421_wya
v2: Richard_20170421_wya

Upgrader:
  Directory with IDv1 found: 
  /Users/Amicus/Dropbox (Wikitongues)/Teamwide/1_Oral_Histories/Ricky_s3_M_20140312_eng+mri+spa
    Name:Ricky
    Meta:20140312_eng+mri+spa

v1: Ricky_s3_M_20140312_eng+mri+spa
v2: Ricky_20140312_eng+mri+spa

Upgrader:
  Directory with IDv1 found: 
  /Users/Amicus/Dropbox (Wikitongues)/Teamwide/1_Oral_Histories/Roanne_s1_F_20151020_cro
    Name:Roanne
    Meta:20151020_cro

v1: Roanne_s1_F_20151020_cro
v2: Roanne_20151020_cro

Upgrader:
  Directory with IDv1 found: 
  /Users/Amicus/Dropbox (Wikitongues)/Teamwide/1_Oral_Histories/Roanne_s1_F_20151020_eng
    Name:Roanne
    Meta:20151020_eng

v1: Roanne_s1_F_20151020_eng
v2: Roanne_20151020_eng

Upgrader:
  Directory with IDv1 found: 
  /Users/Amicus/Dropbox (Wikitongues)/Teamwide/1_Oral_Histories/Roberta_s1_F_20151214_lmo
    Name:Roberta
    Meta:20151214_lmo

v1: Roberta_s1_F_20151214_lmo
v2: Roberta_20151214_lmo

Upgrader:
  Directory with IDv1 found: 
  /Users/Amicus/Dropbox (Wikitongues)/Teamwide/1_Oral_Histories/Rolf_s1_M_20150709_-atl
    Name:Rolf
    Meta:20150709_-atl

v1: Rolf_s1_M_20150709_-atl
v2: Rolf_20150709_-atl

Upgrader:
  Directory with IDv1 found: 
  /Users/Amicus/Dropbox (Wikitongues)/Teamwide/1_Oral_Histories/Ron_s1_M_20141108_lim
    Name:Ron
    Meta:20141108_lim

v1: Ron_s1_M_20141108_lim
v2: Ron_20141108_lim

Upgrader:
  Directory with IDv1 found: 
  /Users/Amicus/Dropbox (Wikitongues)/Teamwide/1_Oral_Histories/Rose_s1_F_20160722_hat
    Name:Rose
    Meta:20160722_hat

v1: Rose_s1_F_20160722_hat
v2: Rose_20160722_hat

Upgrader:
  Directory with IDv1 found: 
  /Users/Amicus/Dropbox (Wikitongues)/Teamwide/1_Oral_Histories/Rosemary_s1_F_20150113_gla
    Name:Rosemary
    Meta:20150113_gla

v1: Rosemary_s1_F_20150113_gla
v2: Rosemary_20150113_gla

Upgrader:
  Directory with IDv1 found: 
  /Users/Amicus/Dropbox (Wikitongues)/Teamwide/1_Oral_Histories/Sai_s1_M_20141026_tam
    Name:Sai
    Meta:20141026_tam

v1: Sai_s1_M_20141026_tam
v2: Sai_20141026_tam

Upgrader:
  Directory with IDv1 found: 
  /Users/Amicus/Dropbox (Wikitongues)/Teamwide/1_Oral_Histories/Sali_s1_M_20161130_bul
    Name:Sali
    Meta:20161130_bul

v1: Sali_s1_M_20161130_bul
v2: Sali_20161130_bul

Upgrader:
  Directory with IDv1 found: 
  /Users/Amicus/Dropbox (Wikitongues)/Teamwide/1_Oral_Histories/Sandra_s1_F_20150526_cym
    Name:Sandra
    Meta:20150526_cym

v1: Sandra_s1_F_20150526_cym
v2: Sandra_20150526_cym

Upgrader:
  Directory with IDv1 found: 
  /Users/Amicus/Dropbox (Wikitongues)/Teamwide/1_Oral_Histories/Sandra_s2_F_20160802_gyn+eng
    Name:Sandra
    Meta:20160802_gyn+eng

v1: Sandra_s2_F_20160802_gyn+eng
v2: Sandra_20160802_gyn+eng

Upgrader:
  Directory with IDv1 found: 
  /Users/Amicus/Dropbox (Wikitongues)/Teamwide/1_Oral_Histories/Sanjib_s1_M_20151001_thq
    Name:Sanjib
    Meta:20151001_thq

v1: Sanjib_s1_M_20151001_thq
v2: Sanjib_20151001_thq

Upgrader:
  Directory with IDv1 found: 
  /Users/Amicus/Dropbox (Wikitongues)/Teamwide/1_Oral_Histories/Sanjoy_s1_M_20160101_ben
    Name:Sanjoy
    Meta:20160101_ben

v1: Sanjoy_s1_M_20160101_ben
v2: Sanjoy_20160101_ben

Upgrader:
  Directory with IDv1 found: 
  /Users/Amicus/Dropbox (Wikitongues)/Teamwide/1_Oral_Histories/Saro_s1_M_20151024_nyf
    Name:Saro
    Meta:20151024_nyf

v1: Saro_s1_M_20151024_nyf
v2: Saro_20151024_nyf

Upgrader:
  Directory with IDv1 found: 
  /Users/Amicus/Dropbox (Wikitongues)/Teamwide/1_Oral_Histories/Scarlett_s1_F_20131103_urd
    Name:Scarlett
    Meta:20131103_urd

v1: Scarlett_s1_F_20131103_urd
v2: Scarlett_20131103_urd

Upgrader:
  Directory with IDv1 found: 
  /Users/Amicus/Dropbox (Wikitongues)/Teamwide/1_Oral_Histories/Sebastian_s1_M_20151121_bar
    Name:Sebastian
    Meta:20151121_bar

v1: Sebastian_s1_M_20151121_bar
v2: Sebastian_20151121_bar

Upgrader:
  Directory with IDv1 found: 
  /Users/Amicus/Dropbox (Wikitongues)/Teamwide/1_Oral_Histories/Sebastijan_s1_M_20151112_hrv
    Name:Sebastijan
    Meta:20151112_hrv

v1: Sebastijan_s1_M_20151112_hrv
v2: Sebastijan_20151112_hrv

Upgrader:
  Directory with IDv1 found: 
  /Users/Amicus/Dropbox (Wikitongues)/Teamwide/1_Oral_Histories/Sedang_s1_F_20170402_iba
    Name:Sedang
    Meta:20170402_iba

v1: Sedang_s1_F_20170402_iba
v2: Sedang_20170402_iba

Upgrader:
  Directory with IDv1 found: 
  
    Name:Sedday
    Meta:20150217_eng+som+swh

v1: 
v2: Sedday_20150217_eng+som+swh

Upgrader:
  Directory with IDv1 found: 
  /Users/Amicus/Dropbox (Wikitongues)/Teamwide/1_Oral_Histories/Semere_s1_M_20160815_amh
    Name:Semere
    Meta:20160815_amh

v1: Semere_s1_M_20160815_amh
v2: Semere_20160815_amh

Upgrader:
  Directory with IDv1 found: 
  /Users/Amicus/Dropbox (Wikitongues)/Teamwide/1_Oral_Histories/Senful_s1_M_20170329_zsm
    Name:Senful
    Meta:20170329_zsm

v1: Senful_s1_M_20170329_zsm
v2: Senful_20170329_zsm

Upgrader:
  Directory with IDv1 found: 
  /Users/Amicus/Dropbox (Wikitongues)/Teamwide/1_Oral_Histories/Sho_s1_M_20141106_jpn
    Name:Sho
    Meta:20141106_jpn

v1: Sho_s1_M_20141106_jpn
v2: Sho_20141106_jpn

Upgrader:
  Directory with IDv1 found: 
  /Users/Amicus/Dropbox (Wikitongues)/Teamwide/1_Oral_Histories/Shuang_s1_F_20141230_cmn
    Name:Shuang
    Meta:20141230_cmn

v1: Shuang_s1_F_20141230_cmn
v2: Shuang_20141230_cmn

Upgrader:
  Directory with IDv1 found: 
  /Users/Amicus/Dropbox (Wikitongues)/Teamwide/1_Oral_Histories/Simane_s1_M_20150108_dhv
    Name:Simane
    Meta:20150108_dhv

v1: Simane_s1_M_20150108_dhv
v2: Simane_20150108_dhv

Upgrader:
  Directory with IDv1 found: 
  /Users/Amicus/Dropbox (Wikitongues)/Teamwide/1_Oral_Histories/Simon_s1_M_20160707_smj
    Name:Simon
    Meta:20160707_smj

v1: Simon_s1_M_20160707_smj
v2: Simon_20160707_smj

Upgrader:
  Directory with IDv1 found: 
  /Users/Amicus/Dropbox (Wikitongues)/Teamwide/1_Oral_Histories/Simon_s1_M_20160715_eng
    Name:Simon
    Meta:20160715_eng

v1: Simon_s1_M_20160715_eng
v2: Simon_20160715_eng

Upgrader:
  Directory with IDv1 found: 
  
    Name:Siobhán
    Meta:20170425_gle

v1: 
v2: Siobhán_20170425_gle

Upgrader:
  Directory with IDv1 found: 
  /Users/Amicus/Dropbox (Wikitongues)/Teamwide/1_Oral_Histories/Sita_s1_F_20151201_mqy
    Name:Sita
    Meta:20151201_mqy

v1: Sita_s1_F_20151201_mqy
v2: Sita_20151201_mqy

Upgrader:
  Directory with IDv1 found: 
  /Users/Amicus/Dropbox (Wikitongues)/Teamwide/1_Oral_Histories/Slobodan_s1_M_20140729_srp
    Name:Slobodan
    Meta:20140729_srp

v1: Slobodan_s1_M_20140729_srp
v2: Slobodan_20140729_srp

Upgrader:
  Directory with IDv1 found: 
  /Users/Amicus/Dropbox (Wikitongues)/Teamwide/1_Oral_Histories/Soner_s1_M_20151119_lzz
    Name:Soner
    Meta:20151119_lzz

v1: Soner_s1_M_20151119_lzz
v2: Soner_20151119_lzz

Upgrader:
  Directory with IDv1 found: 
  /Users/Amicus/Dropbox (Wikitongues)/Teamwide/1_Oral_Histories/Sorcha_s1_F_20140828_gle
    Name:Sorcha
    Meta:20140828_gle

v1: Sorcha_s1_F_20140828_gle
v2: Sorcha_20140828_gle

Upgrader:
  Directory with IDv1 found: 
  /Users/Amicus/Dropbox (Wikitongues)/Teamwide/1_Oral_Histories/Stefan_s1_M_20170331_ron
    Name:Stefan
    Meta:20170331_ron

v1: Stefan_s1_M_20170331_ron
v2: Stefan_20170331_ron

Upgrader:
  Directory with IDv1 found: 
  /Users/Amicus/Dropbox (Wikitongues)/Teamwide/1_Oral_Histories/Stefano_s1_M_20150904_aae
    Name:Stefano
    Meta:20150904_aae

v1: Stefano_s1_M_20150904_aae
v2: Stefano_20150904_aae

Upgrader:
  Directory with IDv1 found: 
  /Users/Amicus/Dropbox (Wikitongues)/Teamwide/1_Oral_Histories/Stephen_s1_M_20130704_kik
    Name:Stephen
    Meta:20130704_kik

v1: Stephen_s1_M_20130704_kik
v2: Stephen_20130704_kik

Upgrader:
  Directory with IDv1 found: 
  /Users/Amicus/Dropbox (Wikitongues)/Teamwide/1_Oral_Histories/Stere_s1_M_20140729_rup
    Name:Stere
    Meta:20140729_rup

v1: Stere_s1_M_20140729_rup
v2: Stere_20140729_rup

Upgrader:
  Directory with IDv1 found: 
  
    Name:Stéfane
    Meta:20161130_por

v1: 
v2: Stéfane_20161130_por

Upgrader:
  Directory with IDv1 found: 
  /Users/Amicus/Dropbox (Wikitongues)/Teamwide/1_Oral_Histories/Suna_s1_F_20140930_bgx
    Name:Suna
    Meta:20140930_bgx

v1: Suna_s1_F_20140930_bgx
v2: Suna_20140930_bgx

Upgrader:
  Directory with IDv1 found: 
  /Users/Amicus/Dropbox (Wikitongues)/Teamwide/1_Oral_Histories/Sunny_s1_M_20130218_nan
    Name:Sunny
    Meta:20130218_nan

v1: Sunny_s1_M_20130218_nan
v2: Sunny_20130218_nan

Upgrader:
  Directory with IDv1 found: 
  /Users/Amicus/Dropbox (Wikitongues)/Teamwide/1_Oral_Histories/Suzy_s1_F_20140729_eng
    Name:Suzy
    Meta:20140729_eng

v1: Suzy_s1_F_20140729_eng
v2: Suzy_20140729_eng

Upgrader:
  Directory with IDv1 found: 
  
    Name:Sònia
    Meta:20140327_oci

v1: 
v2: Sònia_20140327_oci

Upgrader:
  Directory with IDv1 found: 
  /Users/Amicus/Dropbox (Wikitongues)/Teamwide/1_Oral_Histories/Tarlan_s1__20140729_azj
    Name:Tarlan
    Meta:20140729_azj

v1: Tarlan_s1__20140729_azj
v2: Tarlan_20140729_azj

Upgrader:
  Directory with IDv1 found: 
  /Users/Amicus/Dropbox (Wikitongues)/Teamwide/1_Oral_Histories/Teddy_s1_M_20141005_epo
    Name:Teddy
    Meta:20141005_epo

v1: Teddy_s1_M_20141005_epo
v2: Teddy_20141005_epo

Upgrader:
  Directory with IDv1 found: 
  /Users/Amicus/Dropbox (Wikitongues)/Teamwide/1_Oral_Histories/Tenzin_s1_F_20160717_bod
    Name:Tenzin
    Meta:20160717_bod

v1: Tenzin_s1_F_20160717_bod
v2: Tenzin_20160717_bod

Upgrader:
  Directory with IDv1 found: 
  /Users/Amicus/Dropbox (Wikitongues)/Teamwide/1_Oral_Histories/Tereza_s1_F_20160825_hun
    Name:Tereza
    Meta:20160825_hun

v1: Tereza_s1_F_20160825_hun
v2: Tereza_20160825_hun

Upgrader:
  Directory with IDv1 found: 
  /Users/Amicus/Dropbox (Wikitongues)/Teamwide/1_Oral_Histories/Teruyo_s1_F_20160122_ain
    Name:Teruyo
    Meta:20160122_ain

v1: Teruyo_s1_F_20160122_ain
v2: Teruyo_20160122_ain

Upgrader:
  Directory with IDv1 found: 
  /Users/Amicus/Dropbox (Wikitongues)/Teamwide/1_Oral_Histories/Tetree_s2_F_20160802_gyn+eng
    Name:Tetree
    Meta:20160802_gyn+eng

v1: Tetree_s2_F_20160802_gyn+eng
v2: Tetree_20160802_gyn+eng

Upgrader:
  Directory with IDv1 found: 
  /Users/Amicus/Dropbox (Wikitongues)/Teamwide/1_Oral_Histories/Thadoe_s1_M_20160805_mya
    Name:Thadoe
    Meta:20160805_mya

v1: Thadoe_s1_M_20160805_mya
v2: Thadoe_20160805_mya

Upgrader:
  Directory with IDv1 found: 
  
    Name:Theresa
    Meta:20170622_twi

v1: 
v2: Theresa_20170622_twi

Upgrader:
  Directory with IDv1 found: 
  /Users/Amicus/Dropbox (Wikitongues)/Teamwide/1_Oral_Histories/Thomas_s1_M_20170421_-gmw
    Name:Thomas
    Meta:20170421_-gmw

v1: Thomas_s1_M_20170421_-gmw
v2: Thomas_20170421_-gmw

Upgrader:
  Directory with IDv1 found: 
  /Users/Amicus/Dropbox (Wikitongues)/Teamwide/1_Oral_Histories/Thong_s1_M_20150708_tts
    Name:Thong
    Meta:20150708_tts

v1: Thong_s1_M_20150708_tts
v2: Thong_20150708_tts

Upgrader:
  Directory with IDv1 found: 
  /Users/Amicus/Dropbox (Wikitongues)/Teamwide/1_Oral_Histories/Timothy_s1_M_20140217_pne
    Name:Timothy
    Meta:20140217_pne

v1: Timothy_s1_M_20140217_pne
v2: Timothy_20140217_pne

Upgrader:
  Directory with IDv1 found: 
  /Users/Amicus/Dropbox (Wikitongues)/Teamwide/1_Oral_Histories/Titus_s1_M_20151026_lat
    Name:Titus
    Meta:20151026_lat

v1: Titus_s1_M_20151026_lat
v2: Titus_20151026_lat

Upgrader:
  Directory with IDv1 found: 
  /Users/Amicus/Dropbox (Wikitongues)/Teamwide/1_Oral_Histories/Tom_s1_M_20150526_kor
    Name:Tom
    Meta:20150526_kor

v1: Tom_s1_M_20150526_kor
v2: Tom_20150526_kor

Upgrader:
  Directory with IDv1 found: 
  /Users/Amicus/Dropbox (Wikitongues)/Teamwide/1_Oral_Histories/Tory_s1_M_20160606_acf
    Name:Tory
    Meta:20160606_acf

v1: Tory_s1_M_20160606_acf
v2: Tory_20160606_acf

Upgrader:
  Directory with IDv1 found: 
  /Users/Amicus/Dropbox (Wikitongues)/Teamwide/1_Oral_Histories/Toukala_s1_F_20141111_bis
    Name:Toukala
    Meta:20141111_bis

v1: Toukala_s1_F_20141111_bis
v2: Toukala_20141111_bis

Upgrader:
  Directory with IDv1 found: 
  /Users/Amicus/Dropbox (Wikitongues)/Teamwide/1_Oral_Histories/Tylis_s1_M_20151020_cro
    Name:Tylis
    Meta:20151020_cro

v1: Tylis_s1_M_20151020_cro
v2: Tylis_20151020_cro

Upgrader:
  Directory with IDv1 found: 
  /Users/Amicus/Dropbox (Wikitongues)/Teamwide/1_Oral_Histories/Valentine_s1_M_20160713_ibo
    Name:Valentine
    Meta:20160713_ibo

v1: Valentine_s1_M_20160713_ibo
v2: Valentine_20160713_ibo

Upgrader:
  Directory with IDv1 found: 
  /Users/Amicus/Dropbox (Wikitongues)/Teamwide/1_Oral_Histories/Valerian_s1_M_20151114_xmf
    Name:Valerian
    Meta:20151114_xmf

v1: Valerian_s1_M_20151114_xmf
v2: Valerian_20151114_xmf

Upgrader:
  Directory with IDv1 found: 
  /Users/Amicus/Dropbox (Wikitongues)/Teamwide/1_Oral_Histories/Venecia_s2_F_20160526_jam+eng
    Name:Venecia
    Meta:20160526_jam+eng

v1: Venecia_s2_F_20160526_jam+eng
v2: Venecia_20160526_jam+eng

Upgrader:
  Directory with IDv1 found: 
  /Users/Amicus/Dropbox (Wikitongues)/Teamwide/1_Oral_Histories/Victor_s1_M_20140729_arn
    Name:Victor
    Meta:20140729_arn

v1: Victor_s1_M_20140729_arn
v2: Victor_20140729_arn

Upgrader:
  Directory with IDv1 found: 
  /Users/Amicus/Dropbox (Wikitongues)/Teamwide/1_Oral_Histories/Vineet_s1_M_20140731_mal
    Name:Vineet
    Meta:20140731_mal

v1: Vineet_s1_M_20140731_mal
v2: Vineet_20140731_mal

Upgrader:
  Directory with IDv1 found: 
  
    Name:Vitória
    Meta:20140729_por

v1: 
v2: Vitória_20140729_por

Upgrader:
  Directory with IDv1 found: 
  /Users/Amicus/Dropbox (Wikitongues)/Teamwide/1_Oral_Histories/Vseslav_s1_M_20140927_rus
    Name:Vseslav
    Meta:20140927_rus

v1: Vseslav_s1_M_20140927_rus
v2: Vseslav_20140927_rus

Upgrader:
  Directory with IDv1 found: 
  /Users/Amicus/Dropbox (Wikitongues)/Teamwide/1_Oral_Histories/Vseslav_s5_M_20151201_eng+deu+ukr+pol+fra
    Name:Vseslav
    Meta:20151201_eng+deu+ukr+pol+fra

v1: Vseslav_s5_M_20151201_eng+deu+ukr+pol+fra
v2: Vseslav_20151201_eng+deu+ukr+pol+fra

Upgrader:
  Directory with IDv1 found: 
  
    Name:Wanthong
    Meta:20171128_khb

v1: 
v2: Wanthong_20171128_khb

Upgrader:
  Directory with IDv1 found: 
  /Users/Amicus/Dropbox (Wikitongues)/Teamwide/1_Oral_Histories/Wanyu_s1_F_20131103_cmn
    Name:Wanyu
    Meta:20131103_cmn

v1: Wanyu_s1_F_20131103_cmn
v2: Wanyu_20131103_cmn

Upgrader:
  Directory with IDv1 found: 
  /Users/Amicus/Dropbox (Wikitongues)/Teamwide/1_Oral_Histories/Will_s1_M_20130223_cmn
    Name:Will
    Meta:20130223_cmn

v1: Will_s1_M_20130223_cmn
v2: Will_20130223_cmn

Upgrader:
  Directory with IDv1 found: 
  /Users/Amicus/Dropbox (Wikitongues)/Teamwide/1_Oral_Histories/Xheladin_s1_M_20150720_aln
    Name:Xheladin
    Meta:20150720_aln

v1: Xheladin_s1_M_20150720_aln
v2: Xheladin_20150720_aln

Upgrader:
  Directory with IDv1 found: 
  /Users/Amicus/Dropbox (Wikitongues)/Teamwide/1_Oral_Histories/Yabi_s1_F_20161001_amh
    Name:Yabi
    Meta:20161001_amh

v1: Yabi_s1_F_20161001_amh
v2: Yabi_20161001_amh

Upgrader:
  Directory with IDv1 found: 
  /Users/Amicus/Dropbox (Wikitongues)/Teamwide/1_Oral_Histories/Yan_s1_F_20141208_wuu
    Name:Yan
    Meta:20141208_wuu

v1: Yan_s1_F_20141208_wuu
v2: Yan_20141208_wuu

Upgrader:
  Directory with IDv1 found: 
  /Users/Amicus/Dropbox (Wikitongues)/Teamwide/1_Oral_Histories/Yan_s1_M_20150221_nch
    Name:Yan
    Meta:20150221_nch

v1: Yan_s1_M_20150221_nch
v2: Yan_20150221_nch

Upgrader:
  Directory with IDv1 found: 
  /Users/Amicus/Dropbox (Wikitongues)/Teamwide/1_Oral_Histories/YiShan_s1_F_20130311_cmn
    Name:YiShan
    Meta:20130311_cmn

v1: YiShan_s1_F_20130311_cmn
v2: YiShan_20130311_cmn

Upgrader:
  Directory with IDv1 found: 
  /Users/Amicus/Dropbox (Wikitongues)/Teamwide/1_Oral_Histories/Yochai_s2_M_20151201_aeb+heb
    Name:Yochai
    Meta:20151201_aeb+heb

v1: Yochai_s2_M_20151201_aeb+heb
v2: Yochai_20151201_aeb+heb

Upgrader:
  Directory with IDv1 found: 
  /Users/Amicus/Dropbox (Wikitongues)/Teamwide/1_Oral_Histories/Zaeem_s2_M_20160721_hnd+pbu
    Name:Zaeem
    Meta:20160721_hnd+pbu

v1: Zaeem_s2_M_20160721_hnd+pbu
v2: Zaeem_20160721_hnd+pbu

Upgrader:
  Directory with IDv1 found: 
  /Users/Amicus/Dropbox (Wikitongues)/Teamwide/1_Oral_Histories/Zerovsho_s1_M_20160828_tgk
    Name:Zerovsho
    Meta:20160828_tgk

v1: Zerovsho_s1_M_20160828_tgk
v2: Zerovsho_20160828_tgk

Upgrader:
  Directory with IDv1 found: 
  
    Name:Àdhamh
    Meta:20140829_gla

v1: 
v2: Àdhamh_20140829_gla

Upgrader:
  Directory with IDv1 found: 
  
    Name:Éanna
    Meta:20170425_gle

v1: 
v2: Éanna_20170425_gle

